[35m[Appium][39m Welcome to Appium v2.5.0
[35m[Appium][39m Non-default server args:
[35m[Appium][39m { basePath: [32m'/wd/hub'[39m, loglevel: [32m'info'[39m, port: [33m7837[39m }
[35m[Appium][39m Attempting to load driver uiautomator2...
[35m[Appium][39m Appium REST http interface listener started on http://0.0.0.0:7837/wd/hub
[35m[Appium][39m You can provide the following URLs in your client code to connect to this server:
[35m[Appium][39m 	http://172.16.213.207:7837/wd/hub
[35m[Appium][39m 	http://127.0.0.1:7837/wd/hub (only accessible from the same host)
[35m[Appium][39m Available drivers:
[35m[Appium][39m   - uiautomator2@3.0.0 (automationName 'UiAutomator2')
[35m[Appium][39m No plugins have been installed. Use the "appium plugin" command to install the one(s) you want to use.
[38;5;0m[HTTP][0m [37m-->[39m [37mGET[39m [37m/wd/hub/status[39m
[38;5;0m[HTTP][0m [90m{}[39m
[38;5;0m[HTTP][0m [37m<-- GET /wd/hub/status [39m[32m200[39m [90m4 ms - 110[39m
[38;5;0m[HTTP][0m [90m[39m
[38;5;0m[HTTP][0m [37m-->[39m [37mPOST[39m [37m/wd/hub/session[39m
[38;5;0m[HTTP][0m [90m{"desiredCapabilities":{"appium:systemPort":7836,"appium:newCommandTimeout":1800,"appium:automationName":"uiautomator2","appium:fullReset":true,"appium:platformVersion":"14","appium:noReset":false,"appium:udid":"emulator-5556","appium:autoGrantPermissions":true,"appium:platformName":"ANDROID","appium:deviceName":"emulator-5556 (sdk_gphone64_x86_64 - Android 14)","platformName":"Android","appium:app":"C:\\Users\\asus\\Downloads\\Documents\\Compressed\\Android-Solodroid_E-CommerceApp Demo_3.2.0.apk\\Solodroid_E-CommerceApp Demo_3.2.0.apk"},"capabilities":{"firstMatch":[{"appium:app":"C:\\Users\\asus\\Downloads\\Documents\\Compressed\\Android-Solodroid_E-CommerceApp Demo_3.2.0.apk\\Solodroid_E-CommerceApp Demo_3.2.0.apk","appium:autoGrantPermissions":true,"appium:automationName":"uiautomator2","appium:deviceName":"emulator-5556 (sdk_gphone64_x86_64 - Android 14)","appium:fullReset":true,"appium:newCommandTimeout":1800,"appium:noReset":false,"appium:platformName":"ANDROID","appium:platformVersion":"14","appium...[39m
[38;5;32m[BaseDriver][0m Ignoring capability 'appium:platformName=ANDROID' and using capability 'platformName=android'
[38;5;32m[BaseDriver][0m The capabilities ["platformName"] are standard capabilities and do not require "appium:" prefix
[35m[Appium][39m Attempting to find matching driver for automationName 'uiautomator2' and platformName 'android'
[35m[Appium][39m The 'uiautomator2' driver was installed and matched caps.
[35m[Appium][39m Will require it at C:\Users\asus\.appium\node_modules\appium-uiautomator2-driver
[38;5;16m[AppiumDriver@81f1][0m Appium v2.5.0 creating new AndroidUiautomator2Driver (v3.0.0) session
[38;5;16m[AppiumDriver@81f1][0m Checking BaseDriver versions for Appium and AndroidUiautomator2Driver
[38;5;16m[AppiumDriver@81f1][0m Appium's BaseDriver version is 9.5.1
[38;5;16m[AppiumDriver@81f1][0m AndroidUiautomator2Driver's BaseDriver version is 9.5.1
[38;5;48m[AndroidUiautomator2Driver@a160 (1aa44dde)][0m Session created with session id: 1aa44dde-b5f4-4f55-8830-6e0896884eda
[38;5;64m[ADB][0m Found 1 'build-tools' folders under 'C:\Users\asus\.katalon\tools\android_sdk' (newest first):
[38;5;64m[ADB][0m     C:\Users\asus\.katalon\tools\android_sdk\build-tools\29.0.3
[38;5;64m[ADB][0m Using 'adb.exe' from 'C:\Users\asus\.katalon\tools\android_sdk\platform-tools\adb.exe'
[38;5;48m[AndroidUiautomator2Driver@a160 (1aa44dde)][0m Retrieving device list
[38;5;48m[AndroidUiautomator2Driver@a160 (1aa44dde)][0m Using device: emulator-5556
[38;5;64m[ADB][0m Using 'adb.exe' from 'C:\Users\asus\.katalon\tools\android_sdk\platform-tools\adb.exe'
[38;5;32m[BaseDriver][0m Using local app 'C:\Users\asus\Downloads\Documents\Compressed\Android-Solodroid_E-CommerceApp Demo_3.2.0.apk\Solodroid_E-CommerceApp Demo_3.2.0.apk'
[38;5;64m[ADB][0m Getting device platform version
[38;5;48m[AndroidUiautomator2Driver@a160 (1aa44dde)][0m Relaxing hidden api policy
[38;5;64m[ADB][0m Package name: 'com.solodroid.solomerce'
[38;5;64m[ADB][0m Main activity name: 'com.solodroid.solomerce.activities.ActivitySplash'
[38;5;64m[ADB][0m Using 'apksigner.jar' from 'C:\Users\asus\.katalon\tools\android_sdk\build-tools\29.0.3\lib\apksigner.jar'
[38;5;64m[ADB][0m 'C:\Users\asus\.appium\node_modules\appium-uiautomator2-driver\node_modules\appium-uiautomator2-server\apks\appium-uiautomator2-server-debug-androidTest.apk' is signed with the default certificate
[38;5;64m[ADB][0m 'C:\Users\asus\Downloads\Documents\Compressed\Android-Solodroid_E-CommerceApp Demo_3.2.0.apk\Solodroid_E-CommerceApp Demo_3.2.0.apk' is signed with a non-default certificate
[38;5;64m[ADB][0m com.solodroid.solomerce was not uninstalled, because it was not present on the device
[38;5;64m[ADB][0m The application at 'C:\Users\asus\Downloads\Documents\Compressed\Android-Solodroid_E-CommerceApp Demo_3.2.0.apk\Solodroid_E-CommerceApp Demo_3.2.0.apk' will not be cached, because the device under test has confirmed the support of streamed installs
[38;5;64m[ADB][0m 'C:\Users\asus\.appium\node_modules\appium-uiautomator2-driver\node_modules\appium-uiautomator2-server\apks\appium-uiautomator2-server-v7.0.0.apk' is signed with the default certificate
[38;5;48m[AndroidUiautomator2Driver@a160 (1aa44dde)][0m Server packages are not going to be (re)installed
[38;5;64m[ADB][0m Adding packages ["io.appium.settings","io.appium.uiautomator2.server","io.appium.uiautomator2.server.test"] to Doze whitelist
[38;5;64m[ADB][0m The installation of 'Solodroid_E-CommerceApp Demo_3.2.0.apk' took 1812ms
[38;5;48m[AndroidUiautomator2Driver@a160 (1aa44dde)][0m Starting UIAutomator2 server 7.0.0
[38;5;48m[AndroidUiautomator2Driver@a160 (1aa44dde)][0m Using UIAutomator2 server from 'C:\Users\asus\.appium\node_modules\appium-uiautomator2-driver\node_modules\appium-uiautomator2-server\apks\appium-uiautomator2-server-v7.0.0.apk' and test from 'C:\Users\asus\.appium\node_modules\appium-uiautomator2-driver\node_modules\appium-uiautomator2-server\apks\appium-uiautomator2-server-debug-androidTest.apk'
[38;5;48m[AndroidUiautomator2Driver@a160 (1aa44dde)][0m Waiting up to 30000ms for UiAutomator2 to be online...
[38;5;48m[AndroidUiautomator2Driver@a160 (1aa44dde)][0m socket hang up
[38;5;48m[AndroidUiautomator2Driver@a160 (1aa44dde)][0m socket hang up
[38;5;48m[AndroidUiautomator2Driver@a160 (1aa44dde)][0m socket hang up
[38;5;48m[AndroidUiautomator2Driver@a160 (1aa44dde)][0m Determined the downstream protocol as 'W3C'
[38;5;48m[AndroidUiautomator2Driver@a160 (1aa44dde)][0m Screen already unlocked, doing nothing
[38;5;48m[AndroidUiautomator2Driver@a160 (1aa44dde)][0m Starting 'com.solodroid.solomerce/com.solodroid.solomerce.activities.ActivitySplash and waiting for 'com.solodroid.solomerce/com.solodroid.solomerce.activities.ActivitySplash'
[38;5;16m[AppiumDriver@81f1][0m New AndroidUiautomator2Driver session created successfully, session 1aa44dde-b5f4-4f55-8830-6e0896884eda added to master session list
[38;5;0m[HTTP][0m [37m<-- POST /wd/hub/session [39m[32m200[39m [90m9454 ms - 1398[39m
[38;5;0m[HTTP][0m [90m[39m
[38;5;0m[HTTP][0m [37m-->[39m [37mGET[39m [37m/wd/hub/session/1aa44dde-b5f4-4f55-8830-6e0896884eda[39m
[38;5;0m[HTTP][0m [90m{}[39m
[38;5;0m[HTTP][0m [37m<-- GET /wd/hub/session/1aa44dde-b5f4-4f55-8830-6e0896884eda [39m[32m200[39m [90m26 ms - 450[39m
[38;5;0m[HTTP][0m [90m[39m
[38;5;0m[HTTP][0m [37m-->[39m [37mGET[39m [37m/wd/hub/session/1aa44dde-b5f4-4f55-8830-6e0896884eda[39m
[38;5;0m[HTTP][0m [90m{}[39m
[38;5;0m[HTTP][0m [37m<-- GET /wd/hub/session/1aa44dde-b5f4-4f55-8830-6e0896884eda [39m[32m200[39m [90m24 ms - 450[39m
[38;5;0m[HTTP][0m [90m[39m
[38;5;0m[HTTP][0m [37m-->[39m [37mGET[39m [37m/wd/hub/status[39m
[38;5;0m[HTTP][0m [90m{}[39m
[38;5;0m[HTTP][0m [37m<-- GET /wd/hub/status [39m[32m200[39m [90m1 ms - 110[39m
[38;5;0m[HTTP][0m [90m[39m
[38;5;0m[HTTP][0m [37m-->[39m [37mPOST[39m [37m/wd/hub/session/1aa44dde-b5f4-4f55-8830-6e0896884eda/timeouts[39m
[38;5;0m[HTTP][0m [90m{"implicit":30000}[39m
[38;5;0m[HTTP][0m [37m<-- POST /wd/hub/session/1aa44dde-b5f4-4f55-8830-6e0896884eda/timeouts [39m[32m200[39m [90m5 ms - 14[39m
[38;5;0m[HTTP][0m [90m[39m
[38;5;0m[HTTP][0m [37m-->[39m [37mGET[39m [37m/wd/hub/session/1aa44dde-b5f4-4f55-8830-6e0896884eda/appium/device/system_bars[39m
[38;5;0m[HTTP][0m [90m{}[39m
[38;5;0m[HTTP][0m [37m<-- GET /wd/hub/session/1aa44dde-b5f4-4f55-8830-6e0896884eda/appium/device/system_bars [39m[32m200[39m [90m314 ms - 152[39m
[38;5;0m[HTTP][0m [90m[39m
[38;5;0m[HTTP][0m [37m-->[39m [37mPOST[39m [37m/wd/hub/session/1aa44dde-b5f4-4f55-8830-6e0896884eda/timeouts[39m
[38;5;0m[HTTP][0m [90m{"implicit":50}[39m
[38;5;0m[HTTP][0m [37m<-- POST /wd/hub/session/1aa44dde-b5f4-4f55-8830-6e0896884eda/timeouts [39m[32m200[39m [90m3 ms - 14[39m
[38;5;0m[HTTP][0m [90m[39m
[38;5;0m[HTTP][0m [37m-->[39m [37mGET[39m [37m/wd/hub/session/1aa44dde-b5f4-4f55-8830-6e0896884eda/window/rect[39m
[38;5;0m[HTTP][0m [90m{}[39m
[38;5;0m[HTTP][0m [37m<-- GET /wd/hub/session/1aa44dde-b5f4-4f55-8830-6e0896884eda/window/rect [39m[32m200[39m [90m39 ms - 50[39m
[38;5;0m[HTTP][0m [90m[39m
[38;5;0m[HTTP][0m [37m-->[39m [37mPOST[39m [37m/wd/hub/session/1aa44dde-b5f4-4f55-8830-6e0896884eda/elements[39m
[38;5;0m[HTTP][0m [90m{"using":"xpath","value":"//*[@class = 'android.widget.FrameLayout' and @resource-id = 'com.solodroid.solomerce:id/nav_info' and (@text = '' or . = '')]"}[39m
[38;5;0m[HTTP][0m [37m<-- POST /wd/hub/session/1aa44dde-b5f4-4f55-8830-6e0896884eda/elements [39m[32m200[39m [90m3221 ms - 139[39m
[38;5;0m[HTTP][0m [90m[39m
[38;5;0m[HTTP][0m [37m-->[39m [37mGET[39m [37m/wd/hub/session/1aa44dde-b5f4-4f55-8830-6e0896884eda/element/00000000-0000-0269-ffff-ffff00000025/location[39m
[38;5;0m[HTTP][0m [90m{}[39m
[38;5;48m[AndroidUiautomator2Driver@a160 (1aa44dde)][0m Driver proxy active, passing request on via HTTP proxy
[38;5;48m[AndroidUiautomator2Driver@a160 (1aa44dde)][0m Replacing sessionId 97e4f6c7-842f-4765-a28f-8ab01a362849 with 1aa44dde-b5f4-4f55-8830-6e0896884eda
[38;5;0m[HTTP][0m [37m<-- GET /wd/hub/session/1aa44dde-b5f4-4f55-8830-6e0896884eda/element/00000000-0000-0269-ffff-ffff00000025/location [39m[32m200[39m [90m1673 ms - 79[39m
[38;5;0m[HTTP][0m [90m[39m
[38;5;0m[HTTP][0m [37m-->[39m [37mPOST[39m [37m/wd/hub/session/1aa44dde-b5f4-4f55-8830-6e0896884eda/timeouts[39m
[38;5;0m[HTTP][0m [90m{"implicit":30000}[39m
[38;5;0m[HTTP][0m [37m<-- POST /wd/hub/session/1aa44dde-b5f4-4f55-8830-6e0896884eda/timeouts [39m[32m200[39m [90m1 ms - 14[39m
[38;5;0m[HTTP][0m [90m[39m
[38;5;0m[HTTP][0m [37m-->[39m [37mPOST[39m [37m/wd/hub/session/1aa44dde-b5f4-4f55-8830-6e0896884eda/element/00000000-0000-0269-ffff-ffff00000025/click[39m
[38;5;0m[HTTP][0m [90m{"id":"00000000-0000-0269-ffff-ffff00000025"}[39m
[38;5;0m[HTTP][0m [37m<-- POST /wd/hub/session/1aa44dde-b5f4-4f55-8830-6e0896884eda/element/00000000-0000-0269-ffff-ffff00000025/click [39m[32m200[39m [90m956 ms - 14[39m
[38;5;0m[HTTP][0m [90m[39m
[38;5;0m[HTTP][0m [37m-->[39m [37mPOST[39m [37m/wd/hub/session/1aa44dde-b5f4-4f55-8830-6e0896884eda/timeouts[39m
[38;5;0m[HTTP][0m [90m{"implicit":50}[39m
[38;5;0m[HTTP][0m [37m<-- POST /wd/hub/session/1aa44dde-b5f4-4f55-8830-6e0896884eda/timeouts [39m[32m200[39m [90m1 ms - 14[39m
[38;5;0m[HTTP][0m [90m[39m
[38;5;0m[HTTP][0m [37m-->[39m [37mGET[39m [37m/wd/hub/session/1aa44dde-b5f4-4f55-8830-6e0896884eda/window/rect[39m
[38;5;0m[HTTP][0m [90m{}[39m
[38;5;0m[HTTP][0m [37m<-- GET /wd/hub/session/1aa44dde-b5f4-4f55-8830-6e0896884eda/window/rect [39m[32m200[39m [90m27 ms - 50[39m
[38;5;0m[HTTP][0m [90m[39m
[38;5;0m[HTTP][0m [37m-->[39m [37mPOST[39m [37m/wd/hub/session/1aa44dde-b5f4-4f55-8830-6e0896884eda/elements[39m
[38;5;0m[HTTP][0m [90m{"using":"xpath","value":"//hierarchy/android.widget.FrameLayout[1]/android.widget.LinearLayout[1]/android.widget.FrameLayout[1]/android.widget.LinearLayout[1]/android.widget.FrameLayout[1]/android.widget.RelativeLayout[1]/android.view.ViewGroup[1]/androidx.viewpager.widget.ViewPager[1]/android.widget.LinearLayout[1]/android.view.ViewGroup[1]/androidx.recyclerview.widget.RecyclerView[1]/android.widget.FrameLayout[2]/android.widget.RelativeLayout[1]"}[39m
[38;5;0m[HTTP][0m [37m<-- POST /wd/hub/session/1aa44dde-b5f4-4f55-8830-6e0896884eda/elements [39m[32m200[39m [90m167 ms - 139[39m
[38;5;0m[HTTP][0m [90m[39m
[38;5;0m[HTTP][0m [37m-->[39m [37mGET[39m [37m/wd/hub/session/1aa44dde-b5f4-4f55-8830-6e0896884eda/element/00000000-0000-0269-ffff-ffff000000b0/location[39m
[38;5;0m[HTTP][0m [90m{}[39m
[38;5;48m[AndroidUiautomator2Driver@a160 (1aa44dde)][0m Driver proxy active, passing request on via HTTP proxy
[38;5;48m[AndroidUiautomator2Driver@a160 (1aa44dde)][0m Replacing sessionId 97e4f6c7-842f-4765-a28f-8ab01a362849 with 1aa44dde-b5f4-4f55-8830-6e0896884eda
[38;5;0m[HTTP][0m [37m<-- GET /wd/hub/session/1aa44dde-b5f4-4f55-8830-6e0896884eda/element/00000000-0000-0269-ffff-ffff000000b0/location [39m[32m200[39m [90m34 ms - 77[39m
[38;5;0m[HTTP][0m [90m[39m
[38;5;0m[HTTP][0m [37m-->[39m [37mPOST[39m [37m/wd/hub/session/1aa44dde-b5f4-4f55-8830-6e0896884eda/timeouts[39m
[38;5;0m[HTTP][0m [90m{"implicit":30000}[39m
[38;5;0m[HTTP][0m [37m<-- POST /wd/hub/session/1aa44dde-b5f4-4f55-8830-6e0896884eda/timeouts [39m[32m200[39m [90m1 ms - 14[39m
[38;5;0m[HTTP][0m [90m[39m
[38;5;0m[HTTP][0m [37m-->[39m [37mPOST[39m [37m/wd/hub/session/1aa44dde-b5f4-4f55-8830-6e0896884eda/element/00000000-0000-0269-ffff-ffff000000b0/click[39m
[38;5;0m[HTTP][0m [90m{"id":"00000000-0000-0269-ffff-ffff000000b0"}[39m
[38;5;0m[HTTP][0m [37m<-- POST /wd/hub/session/1aa44dde-b5f4-4f55-8830-6e0896884eda/element/00000000-0000-0269-ffff-ffff000000b0/click [39m[32m200[39m [90m989 ms - 14[39m
[38;5;0m[HTTP][0m [90m[39m
[38;5;0m[HTTP][0m [37m-->[39m [37mPOST[39m [37m/wd/hub/session/1aa44dde-b5f4-4f55-8830-6e0896884eda/timeouts[39m
[38;5;0m[HTTP][0m [90m{"implicit":50}[39m
[38;5;0m[HTTP][0m [37m<-- POST /wd/hub/session/1aa44dde-b5f4-4f55-8830-6e0896884eda/timeouts [39m[32m200[39m [90m1 ms - 14[39m
[38;5;0m[HTTP][0m [90m[39m
[38;5;0m[HTTP][0m [37m-->[39m [37mGET[39m [37m/wd/hub/session/1aa44dde-b5f4-4f55-8830-6e0896884eda/window/rect[39m
[38;5;0m[HTTP][0m [90m{}[39m
[38;5;0m[HTTP][0m [37m<-- GET /wd/hub/session/1aa44dde-b5f4-4f55-8830-6e0896884eda/window/rect [39m[32m200[39m [90m17 ms - 50[39m
[38;5;0m[HTTP][0m [90m[39m
[38;5;0m[HTTP][0m [37m-->[39m [37mPOST[39m [37m/wd/hub/session/1aa44dde-b5f4-4f55-8830-6e0896884eda/elements[39m
[38;5;0m[HTTP][0m [90m{"using":"xpath","value":"//*[@class = 'android.widget.ImageButton' and (@text = '' or . = '')]"}[39m
[38;5;0m[HTTP][0m [37m<-- POST /wd/hub/session/1aa44dde-b5f4-4f55-8830-6e0896884eda/elements [39m[32m200[39m [90m102 ms - 139[39m
[38;5;0m[HTTP][0m [90m[39m
[38;5;0m[HTTP][0m [37m-->[39m [37mGET[39m [37m/wd/hub/session/1aa44dde-b5f4-4f55-8830-6e0896884eda/element/00000000-0000-026a-ffff-ffff000000c8/location[39m
[38;5;0m[HTTP][0m [90m{}[39m
[38;5;48m[AndroidUiautomator2Driver@a160 (1aa44dde)][0m Driver proxy active, passing request on via HTTP proxy
[38;5;48m[AndroidUiautomator2Driver@a160 (1aa44dde)][0m Replacing sessionId 97e4f6c7-842f-4765-a28f-8ab01a362849 with 1aa44dde-b5f4-4f55-8830-6e0896884eda
[38;5;0m[HTTP][0m [37m<-- GET /wd/hub/session/1aa44dde-b5f4-4f55-8830-6e0896884eda/element/00000000-0000-026a-ffff-ffff000000c8/location [39m[32m200[39m [90m481 ms - 76[39m
[38;5;0m[HTTP][0m [90m[39m
[38;5;0m[HTTP][0m [37m-->[39m [37mPOST[39m [37m/wd/hub/session/1aa44dde-b5f4-4f55-8830-6e0896884eda/timeouts[39m
[38;5;0m[HTTP][0m [90m{"implicit":30000}[39m
[38;5;0m[HTTP][0m [37m<-- POST /wd/hub/session/1aa44dde-b5f4-4f55-8830-6e0896884eda/timeouts [39m[32m200[39m [90m1 ms - 14[39m
[38;5;0m[HTTP][0m [90m[39m
[38;5;0m[HTTP][0m [37m-->[39m [37mPOST[39m [37m/wd/hub/session/1aa44dde-b5f4-4f55-8830-6e0896884eda/element/00000000-0000-026a-ffff-ffff000000c8/click[39m
[38;5;0m[HTTP][0m [90m{"id":"00000000-0000-026a-ffff-ffff000000c8"}[39m
[38;5;0m[HTTP][0m [37m<-- POST /wd/hub/session/1aa44dde-b5f4-4f55-8830-6e0896884eda/element/00000000-0000-026a-ffff-ffff000000c8/click [39m[32m200[39m [90m769 ms - 14[39m
[38;5;0m[HTTP][0m [90m[39m
[38;5;0m[HTTP][0m [37m-->[39m [37mPOST[39m [37m/wd/hub/session/1aa44dde-b5f4-4f55-8830-6e0896884eda/timeouts[39m
[38;5;0m[HTTP][0m [90m{"implicit":50}[39m
[38;5;0m[HTTP][0m [37m<-- POST /wd/hub/session/1aa44dde-b5f4-4f55-8830-6e0896884eda/timeouts [39m[32m200[39m [90m1 ms - 14[39m
[38;5;0m[HTTP][0m [90m[39m
[38;5;0m[HTTP][0m [37m-->[39m [37mGET[39m [37m/wd/hub/session/1aa44dde-b5f4-4f55-8830-6e0896884eda/window/rect[39m
[38;5;0m[HTTP][0m [90m{}[39m
[38;5;0m[HTTP][0m [37m<-- GET /wd/hub/session/1aa44dde-b5f4-4f55-8830-6e0896884eda/window/rect [39m[32m200[39m [90m20 ms - 50[39m
[38;5;0m[HTTP][0m [90m[39m
[38;5;0m[HTTP][0m [37m-->[39m [37mPOST[39m [37m/wd/hub/session/1aa44dde-b5f4-4f55-8830-6e0896884eda/elements[39m
[38;5;0m[HTTP][0m [90m{"using":"xpath","value":"//hierarchy/android.widget.FrameLayout[1]/android.widget.LinearLayout[1]/android.widget.FrameLayout[1]/android.widget.LinearLayout[1]/android.widget.FrameLayout[1]/android.widget.RelativeLayout[1]/android.view.ViewGroup[1]/androidx.viewpager.widget.ViewPager[1]/android.widget.LinearLayout[1]/android.view.ViewGroup[1]/androidx.recyclerview.widget.RecyclerView[1]/android.widget.FrameLayout[2]/android.widget.RelativeLayout[1]"}[39m
[38;5;0m[HTTP][0m [37m<-- POST /wd/hub/session/1aa44dde-b5f4-4f55-8830-6e0896884eda/elements [39m[32m200[39m [90m139 ms - 139[39m
[38;5;0m[HTTP][0m [90m[39m
[38;5;0m[HTTP][0m [37m-->[39m [37mGET[39m [37m/wd/hub/session/1aa44dde-b5f4-4f55-8830-6e0896884eda/element/00000000-0000-0269-ffff-ffff000000b0/location[39m
[38;5;0m[HTTP][0m [90m{}[39m
[38;5;48m[AndroidUiautomator2Driver@a160 (1aa44dde)][0m Driver proxy active, passing request on via HTTP proxy
[38;5;48m[AndroidUiautomator2Driver@a160 (1aa44dde)][0m Replacing sessionId 97e4f6c7-842f-4765-a28f-8ab01a362849 with 1aa44dde-b5f4-4f55-8830-6e0896884eda
[38;5;0m[HTTP][0m [37m<-- GET /wd/hub/session/1aa44dde-b5f4-4f55-8830-6e0896884eda/element/00000000-0000-0269-ffff-ffff000000b0/location [39m[32m200[39m [90m24 ms - 77[39m
[38;5;0m[HTTP][0m [90m[39m
[38;5;0m[HTTP][0m [37m-->[39m [37mPOST[39m [37m/wd/hub/session/1aa44dde-b5f4-4f55-8830-6e0896884eda/timeouts[39m
[38;5;0m[HTTP][0m [90m{"implicit":30000}[39m
[38;5;0m[HTTP][0m [37m<-- POST /wd/hub/session/1aa44dde-b5f4-4f55-8830-6e0896884eda/timeouts [39m[32m200[39m [90m1 ms - 14[39m
[38;5;0m[HTTP][0m [90m[39m
[38;5;0m[HTTP][0m [37m-->[39m [37mPOST[39m [37m/wd/hub/session/1aa44dde-b5f4-4f55-8830-6e0896884eda/element/00000000-0000-0269-ffff-ffff000000b0/click[39m
[38;5;0m[HTTP][0m [90m{"id":"00000000-0000-0269-ffff-ffff000000b0"}[39m
[38;5;0m[HTTP][0m [37m<-- POST /wd/hub/session/1aa44dde-b5f4-4f55-8830-6e0896884eda/element/00000000-0000-0269-ffff-ffff000000b0/click [39m[32m200[39m [90m1765 ms - 14[39m
[38;5;0m[HTTP][0m [90m[39m
[38;5;0m[HTTP][0m [37m-->[39m [37mPOST[39m [37m/wd/hub/session/1aa44dde-b5f4-4f55-8830-6e0896884eda/timeouts[39m
[38;5;0m[HTTP][0m [90m{"implicit":50}[39m
[38;5;0m[HTTP][0m [37m<-- POST /wd/hub/session/1aa44dde-b5f4-4f55-8830-6e0896884eda/timeouts [39m[32m200[39m [90m1 ms - 14[39m
[38;5;0m[HTTP][0m [90m[39m
[38;5;0m[HTTP][0m [37m-->[39m [37mGET[39m [37m/wd/hub/session/1aa44dde-b5f4-4f55-8830-6e0896884eda/window/rect[39m
[38;5;0m[HTTP][0m [90m{}[39m
[38;5;0m[HTTP][0m [37m<-- GET /wd/hub/session/1aa44dde-b5f4-4f55-8830-6e0896884eda/window/rect [39m[32m200[39m [90m22 ms - 50[39m
[38;5;0m[HTTP][0m [90m[39m
[38;5;0m[HTTP][0m [37m-->[39m [37mPOST[39m [37m/wd/hub/session/1aa44dde-b5f4-4f55-8830-6e0896884eda/elements[39m
[38;5;0m[HTTP][0m [90m{"using":"xpath","value":"//*[@class = 'android.widget.ImageButton' and (@text = '' or . = '')]"}[39m
[38;5;0m[HTTP][0m [37m<-- POST /wd/hub/session/1aa44dde-b5f4-4f55-8830-6e0896884eda/elements [39m[32m200[39m [90m203 ms - 139[39m
[38;5;0m[HTTP][0m [90m[39m
[38;5;0m[HTTP][0m [37m-->[39m [37mGET[39m [37m/wd/hub/session/1aa44dde-b5f4-4f55-8830-6e0896884eda/element/00000000-0000-026b-ffff-ffff000000d7/location[39m
[38;5;0m[HTTP][0m [90m{}[39m
[38;5;48m[AndroidUiautomator2Driver@a160 (1aa44dde)][0m Driver proxy active, passing request on via HTTP proxy
[38;5;48m[AndroidUiautomator2Driver@a160 (1aa44dde)][0m Replacing sessionId 97e4f6c7-842f-4765-a28f-8ab01a362849 with 1aa44dde-b5f4-4f55-8830-6e0896884eda
[38;5;0m[HTTP][0m [37m<-- GET /wd/hub/session/1aa44dde-b5f4-4f55-8830-6e0896884eda/element/00000000-0000-026b-ffff-ffff000000d7/location [39m[32m200[39m [90m370 ms - 76[39m
[38;5;0m[HTTP][0m [90m[39m
[38;5;0m[HTTP][0m [37m-->[39m [37mPOST[39m [37m/wd/hub/session/1aa44dde-b5f4-4f55-8830-6e0896884eda/timeouts[39m
[38;5;0m[HTTP][0m [90m{"implicit":30000}[39m
[38;5;0m[HTTP][0m [37m<-- POST /wd/hub/session/1aa44dde-b5f4-4f55-8830-6e0896884eda/timeouts [39m[32m200[39m [90m1 ms - 14[39m
[38;5;0m[HTTP][0m [90m[39m
[38;5;0m[HTTP][0m [37m-->[39m [37mPOST[39m [37m/wd/hub/session/1aa44dde-b5f4-4f55-8830-6e0896884eda/element/00000000-0000-026b-ffff-ffff000000d7/click[39m
[38;5;0m[HTTP][0m [90m{"id":"00000000-0000-026b-ffff-ffff000000d7"}[39m
[38;5;0m[HTTP][0m [37m<-- POST /wd/hub/session/1aa44dde-b5f4-4f55-8830-6e0896884eda/element/00000000-0000-026b-ffff-ffff000000d7/click [39m[32m200[39m [90m829 ms - 14[39m
[38;5;0m[HTTP][0m [90m[39m
[38;5;0m[HTTP][0m [37m-->[39m [37mPOST[39m [37m/wd/hub/session/1aa44dde-b5f4-4f55-8830-6e0896884eda/timeouts[39m
[38;5;0m[HTTP][0m [90m{"implicit":50}[39m
[38;5;0m[HTTP][0m [37m<-- POST /wd/hub/session/1aa44dde-b5f4-4f55-8830-6e0896884eda/timeouts [39m[32m200[39m [90m1 ms - 14[39m
[38;5;0m[HTTP][0m [90m[39m
[38;5;0m[HTTP][0m [37m-->[39m [37mGET[39m [37m/wd/hub/session/1aa44dde-b5f4-4f55-8830-6e0896884eda/window/rect[39m
[38;5;0m[HTTP][0m [90m{}[39m
[38;5;0m[HTTP][0m [37m<-- GET /wd/hub/session/1aa44dde-b5f4-4f55-8830-6e0896884eda/window/rect [39m[32m200[39m [90m15 ms - 50[39m
[38;5;0m[HTTP][0m [90m[39m
[38;5;0m[HTTP][0m [37m-->[39m [37mPOST[39m [37m/wd/hub/session/1aa44dde-b5f4-4f55-8830-6e0896884eda/elements[39m
[38;5;0m[HTTP][0m [90m{"using":"xpath","value":"//hierarchy/android.widget.FrameLayout[1]/android.widget.LinearLayout[1]/android.widget.FrameLayout[1]/android.widget.LinearLayout[1]/android.widget.FrameLayout[1]/android.widget.RelativeLayout[1]/android.view.ViewGroup[1]/androidx.viewpager.widget.ViewPager[1]/android.widget.LinearLayout[1]/android.view.ViewGroup[1]/androidx.recyclerview.widget.RecyclerView[1]/android.widget.FrameLayout[3]/android.widget.RelativeLayout[1]"}[39m
[38;5;0m[HTTP][0m [37m<-- POST /wd/hub/session/1aa44dde-b5f4-4f55-8830-6e0896884eda/elements [39m[32m200[39m [90m121 ms - 139[39m
[38;5;0m[HTTP][0m [90m[39m
[38;5;0m[HTTP][0m [37m-->[39m [37mGET[39m [37m/wd/hub/session/1aa44dde-b5f4-4f55-8830-6e0896884eda/element/00000000-0000-0269-ffff-ffff000000b4/location[39m
[38;5;0m[HTTP][0m [90m{}[39m
[38;5;48m[AndroidUiautomator2Driver@a160 (1aa44dde)][0m Driver proxy active, passing request on via HTTP proxy
[38;5;48m[AndroidUiautomator2Driver@a160 (1aa44dde)][0m Replacing sessionId 97e4f6c7-842f-4765-a28f-8ab01a362849 with 1aa44dde-b5f4-4f55-8830-6e0896884eda
[38;5;0m[HTTP][0m [37m<-- GET /wd/hub/session/1aa44dde-b5f4-4f55-8830-6e0896884eda/element/00000000-0000-0269-ffff-ffff000000b4/location [39m[32m200[39m [90m23 ms - 77[39m
[38;5;0m[HTTP][0m [90m[39m
[38;5;0m[HTTP][0m [37m-->[39m [37mPOST[39m [37m/wd/hub/session/1aa44dde-b5f4-4f55-8830-6e0896884eda/timeouts[39m
[38;5;0m[HTTP][0m [90m{"implicit":30000}[39m
[38;5;0m[HTTP][0m [37m<-- POST /wd/hub/session/1aa44dde-b5f4-4f55-8830-6e0896884eda/timeouts [39m[32m200[39m [90m1 ms - 14[39m
[38;5;0m[HTTP][0m [90m[39m
[38;5;0m[HTTP][0m [37m-->[39m [37mPOST[39m [37m/wd/hub/session/1aa44dde-b5f4-4f55-8830-6e0896884eda/element/00000000-0000-0269-ffff-ffff000000b4/click[39m
[38;5;0m[HTTP][0m [90m{"id":"00000000-0000-0269-ffff-ffff000000b4"}[39m
[38;5;0m[HTTP][0m [37m<-- POST /wd/hub/session/1aa44dde-b5f4-4f55-8830-6e0896884eda/element/00000000-0000-0269-ffff-ffff000000b4/click [39m[32m200[39m [90m1697 ms - 14[39m
[38;5;0m[HTTP][0m [90m[39m
[38;5;0m[HTTP][0m [37m-->[39m [37mPOST[39m [37m/wd/hub/session/1aa44dde-b5f4-4f55-8830-6e0896884eda/timeouts[39m
[38;5;0m[HTTP][0m [90m{"implicit":50}[39m
[38;5;0m[HTTP][0m [37m<-- POST /wd/hub/session/1aa44dde-b5f4-4f55-8830-6e0896884eda/timeouts [39m[32m200[39m [90m1 ms - 14[39m
[38;5;0m[HTTP][0m [90m[39m
[38;5;0m[HTTP][0m [37m-->[39m [37mGET[39m [37m/wd/hub/session/1aa44dde-b5f4-4f55-8830-6e0896884eda/window/rect[39m
[38;5;0m[HTTP][0m [90m{}[39m
[38;5;0m[HTTP][0m [37m<-- GET /wd/hub/session/1aa44dde-b5f4-4f55-8830-6e0896884eda/window/rect [39m[32m200[39m [90m13 ms - 50[39m
[38;5;0m[HTTP][0m [90m[39m
[38;5;0m[HTTP][0m [37m-->[39m [37mPOST[39m [37m/wd/hub/session/1aa44dde-b5f4-4f55-8830-6e0896884eda/elements[39m
[38;5;0m[HTTP][0m [90m{"using":"xpath","value":"//*[@class = 'android.widget.ImageButton' and (@text = '' or . = '')]"}[39m
[38;5;0m[HTTP][0m [37m<-- POST /wd/hub/session/1aa44dde-b5f4-4f55-8830-6e0896884eda/elements [39m[32m200[39m [90m90 ms - 139[39m
[38;5;0m[HTTP][0m [90m[39m
[38;5;0m[HTTP][0m [37m-->[39m [37mGET[39m [37m/wd/hub/session/1aa44dde-b5f4-4f55-8830-6e0896884eda/element/00000000-0000-026c-ffff-ffff000000e6/location[39m
[38;5;0m[HTTP][0m [90m{}[39m
[38;5;48m[AndroidUiautomator2Driver@a160 (1aa44dde)][0m Driver proxy active, passing request on via HTTP proxy
[38;5;48m[AndroidUiautomator2Driver@a160 (1aa44dde)][0m Replacing sessionId 97e4f6c7-842f-4765-a28f-8ab01a362849 with 1aa44dde-b5f4-4f55-8830-6e0896884eda
[38;5;0m[HTTP][0m [37m<-- GET /wd/hub/session/1aa44dde-b5f4-4f55-8830-6e0896884eda/element/00000000-0000-026c-ffff-ffff000000e6/location [39m[32m200[39m [90m473 ms - 76[39m
[38;5;0m[HTTP][0m [90m[39m
[38;5;0m[HTTP][0m [37m-->[39m [37mPOST[39m [37m/wd/hub/session/1aa44dde-b5f4-4f55-8830-6e0896884eda/timeouts[39m
[38;5;0m[HTTP][0m [90m{"implicit":30000}[39m
[38;5;0m[HTTP][0m [37m<-- POST /wd/hub/session/1aa44dde-b5f4-4f55-8830-6e0896884eda/timeouts [39m[32m200[39m [90m2 ms - 14[39m
[38;5;0m[HTTP][0m [90m[39m
[38;5;0m[HTTP][0m [37m-->[39m [37mPOST[39m [37m/wd/hub/session/1aa44dde-b5f4-4f55-8830-6e0896884eda/element/00000000-0000-026c-ffff-ffff000000e6/click[39m
[38;5;0m[HTTP][0m [90m{"id":"00000000-0000-026c-ffff-ffff000000e6"}[39m
[38;5;0m[HTTP][0m [37m<-- POST /wd/hub/session/1aa44dde-b5f4-4f55-8830-6e0896884eda/element/00000000-0000-026c-ffff-ffff000000e6/click [39m[32m200[39m [90m92 ms - 14[39m
[38;5;0m[HTTP][0m [90m[39m
[38;5;0m[HTTP][0m [37m-->[39m [37mPOST[39m [37m/wd/hub/session/1aa44dde-b5f4-4f55-8830-6e0896884eda/timeouts[39m
[38;5;0m[HTTP][0m [90m{"implicit":50}[39m
[38;5;0m[HTTP][0m [37m<-- POST /wd/hub/session/1aa44dde-b5f4-4f55-8830-6e0896884eda/timeouts [39m[32m200[39m [90m1 ms - 14[39m
[38;5;0m[HTTP][0m [90m[39m
[38;5;0m[HTTP][0m [37m-->[39m [37mGET[39m [37m/wd/hub/session/1aa44dde-b5f4-4f55-8830-6e0896884eda/window/rect[39m
[38;5;0m[HTTP][0m [90m{}[39m
[38;5;0m[HTTP][0m [37m<-- GET /wd/hub/session/1aa44dde-b5f4-4f55-8830-6e0896884eda/window/rect [39m[32m200[39m [90m15 ms - 50[39m
[38;5;0m[HTTP][0m [90m[39m
[38;5;0m[HTTP][0m [37m-->[39m [37mPOST[39m [37m/wd/hub/session/1aa44dde-b5f4-4f55-8830-6e0896884eda/elements[39m
[38;5;0m[HTTP][0m [90m{"using":"xpath","value":"//hierarchy/android.widget.FrameLayout[1]/android.widget.LinearLayout[1]/android.widget.FrameLayout[1]/android.widget.LinearLayout[1]/android.widget.FrameLayout[1]/android.widget.RelativeLayout[1]/android.view.ViewGroup[1]/androidx.viewpager.widget.ViewPager[1]/android.widget.LinearLayout[1]/android.view.ViewGroup[1]/androidx.recyclerview.widget.RecyclerView[1]/android.widget.FrameLayout[4]/android.widget.RelativeLayout[1]"}[39m
[38;5;0m[HTTP][0m [37m<-- POST /wd/hub/session/1aa44dde-b5f4-4f55-8830-6e0896884eda/elements [39m[32m200[39m [90m166 ms - 139[39m
[38;5;0m[HTTP][0m [90m[39m
[38;5;0m[HTTP][0m [37m-->[39m [37mGET[39m [37m/wd/hub/session/1aa44dde-b5f4-4f55-8830-6e0896884eda/element/00000000-0000-0269-ffff-ffff000000b8/location[39m
[38;5;0m[HTTP][0m [90m{}[39m
[38;5;48m[AndroidUiautomator2Driver@a160 (1aa44dde)][0m Driver proxy active, passing request on via HTTP proxy
[38;5;48m[AndroidUiautomator2Driver@a160 (1aa44dde)][0m Replacing sessionId 97e4f6c7-842f-4765-a28f-8ab01a362849 with 1aa44dde-b5f4-4f55-8830-6e0896884eda
[38;5;0m[HTTP][0m [37m<-- GET /wd/hub/session/1aa44dde-b5f4-4f55-8830-6e0896884eda/element/00000000-0000-0269-ffff-ffff000000b8/location [39m[32m200[39m [90m25 ms - 77[39m
[38;5;0m[HTTP][0m [90m[39m
[38;5;0m[HTTP][0m [37m-->[39m [37mPOST[39m [37m/wd/hub/session/1aa44dde-b5f4-4f55-8830-6e0896884eda/timeouts[39m
[38;5;0m[HTTP][0m [90m{"implicit":30000}[39m
[38;5;0m[HTTP][0m [37m<-- POST /wd/hub/session/1aa44dde-b5f4-4f55-8830-6e0896884eda/timeouts [39m[32m200[39m [90m1 ms - 14[39m
[38;5;0m[HTTP][0m [90m[39m
[38;5;0m[HTTP][0m [37m-->[39m [37mPOST[39m [37m/wd/hub/session/1aa44dde-b5f4-4f55-8830-6e0896884eda/element/00000000-0000-0269-ffff-ffff000000b8/click[39m
[38;5;0m[HTTP][0m [90m{"id":"00000000-0000-0269-ffff-ffff000000b8"}[39m
[38;5;0m[HTTP][0m [37m<-- POST /wd/hub/session/1aa44dde-b5f4-4f55-8830-6e0896884eda/element/00000000-0000-0269-ffff-ffff000000b8/click [39m[32m200[39m [90m1812 ms - 14[39m
[38;5;0m[HTTP][0m [90m[39m
[38;5;0m[HTTP][0m [37m-->[39m [37mPOST[39m [37m/wd/hub/session/1aa44dde-b5f4-4f55-8830-6e0896884eda/timeouts[39m
[38;5;0m[HTTP][0m [90m{"implicit":50}[39m
[38;5;0m[HTTP][0m [37m<-- POST /wd/hub/session/1aa44dde-b5f4-4f55-8830-6e0896884eda/timeouts [39m[32m200[39m [90m1 ms - 14[39m
[38;5;0m[HTTP][0m [90m[39m
[38;5;0m[HTTP][0m [37m-->[39m [37mGET[39m [37m/wd/hub/session/1aa44dde-b5f4-4f55-8830-6e0896884eda/window/rect[39m
[38;5;0m[HTTP][0m [90m{}[39m
[38;5;0m[HTTP][0m [37m<-- GET /wd/hub/session/1aa44dde-b5f4-4f55-8830-6e0896884eda/window/rect [39m[32m200[39m [90m14 ms - 50[39m
[38;5;0m[HTTP][0m [90m[39m
[38;5;0m[HTTP][0m [37m-->[39m [37mPOST[39m [37m/wd/hub/session/1aa44dde-b5f4-4f55-8830-6e0896884eda/elements[39m
[38;5;0m[HTTP][0m [90m{"using":"xpath","value":"//*[@class = 'android.widget.ImageButton' and (@text = '' or . = '')]"}[39m
[38;5;0m[HTTP][0m [37m<-- POST /wd/hub/session/1aa44dde-b5f4-4f55-8830-6e0896884eda/elements [39m[32m200[39m [90m91 ms - 139[39m
[38;5;0m[HTTP][0m [90m[39m
[38;5;0m[HTTP][0m [37m-->[39m [37mGET[39m [37m/wd/hub/session/1aa44dde-b5f4-4f55-8830-6e0896884eda/element/00000000-0000-026d-ffff-ffff000000f5/location[39m
[38;5;0m[HTTP][0m [90m{}[39m
[38;5;48m[AndroidUiautomator2Driver@a160 (1aa44dde)][0m Driver proxy active, passing request on via HTTP proxy
[38;5;48m[AndroidUiautomator2Driver@a160 (1aa44dde)][0m Replacing sessionId 97e4f6c7-842f-4765-a28f-8ab01a362849 with 1aa44dde-b5f4-4f55-8830-6e0896884eda
[38;5;0m[HTTP][0m [37m<-- GET /wd/hub/session/1aa44dde-b5f4-4f55-8830-6e0896884eda/element/00000000-0000-026d-ffff-ffff000000f5/location [39m[32m200[39m [90m474 ms - 76[39m
[38;5;0m[HTTP][0m [90m[39m
[38;5;0m[HTTP][0m [37m-->[39m [37mPOST[39m [37m/wd/hub/session/1aa44dde-b5f4-4f55-8830-6e0896884eda/timeouts[39m
[38;5;0m[HTTP][0m [90m{"implicit":30000}[39m
[38;5;0m[HTTP][0m [37m<-- POST /wd/hub/session/1aa44dde-b5f4-4f55-8830-6e0896884eda/timeouts [39m[32m200[39m [90m1 ms - 14[39m
[38;5;0m[HTTP][0m [90m[39m
[38;5;0m[HTTP][0m [37m-->[39m [37mPOST[39m [37m/wd/hub/session/1aa44dde-b5f4-4f55-8830-6e0896884eda/element/00000000-0000-026d-ffff-ffff000000f5/click[39m
[38;5;0m[HTTP][0m [90m{"id":"00000000-0000-026d-ffff-ffff000000f5"}[39m
[38;5;0m[HTTP][0m [37m<-- POST /wd/hub/session/1aa44dde-b5f4-4f55-8830-6e0896884eda/element/00000000-0000-026d-ffff-ffff000000f5/click [39m[32m200[39m [90m97 ms - 14[39m
[38;5;0m[HTTP][0m [90m[39m
[38;5;0m[HTTP][0m [37m-->[39m [37mPOST[39m [37m/wd/hub/session/1aa44dde-b5f4-4f55-8830-6e0896884eda/timeouts[39m
[38;5;0m[HTTP][0m [90m{"implicit":50}[39m
[38;5;0m[HTTP][0m [37m<-- POST /wd/hub/session/1aa44dde-b5f4-4f55-8830-6e0896884eda/timeouts [39m[32m200[39m [90m1 ms - 14[39m
[38;5;0m[HTTP][0m [90m[39m
[38;5;0m[HTTP][0m [37m-->[39m [37mGET[39m [37m/wd/hub/session/1aa44dde-b5f4-4f55-8830-6e0896884eda/window/rect[39m
[38;5;0m[HTTP][0m [90m{}[39m
[38;5;0m[HTTP][0m [37m<-- GET /wd/hub/session/1aa44dde-b5f4-4f55-8830-6e0896884eda/window/rect [39m[32m200[39m [90m21 ms - 50[39m
[38;5;0m[HTTP][0m [90m[39m
[38;5;0m[HTTP][0m [37m-->[39m [37mPOST[39m [37m/wd/hub/session/1aa44dde-b5f4-4f55-8830-6e0896884eda/elements[39m
[38;5;0m[HTTP][0m [90m{"using":"xpath","value":"//hierarchy/android.widget.FrameLayout[1]/android.widget.LinearLayout[1]/android.widget.FrameLayout[1]/android.widget.LinearLayout[1]/android.widget.FrameLayout[1]/android.widget.RelativeLayout[1]/android.view.ViewGroup[1]/androidx.viewpager.widget.ViewPager[1]/android.widget.LinearLayout[1]/android.view.ViewGroup[1]/androidx.recyclerview.widget.RecyclerView[1]/android.widget.FrameLayout[5]/android.widget.RelativeLayout[1]"}[39m
[38;5;0m[HTTP][0m [37m<-- POST /wd/hub/session/1aa44dde-b5f4-4f55-8830-6e0896884eda/elements [39m[32m200[39m [90m143 ms - 139[39m
[38;5;0m[HTTP][0m [90m[39m
[38;5;0m[HTTP][0m [37m-->[39m [37mGET[39m [37m/wd/hub/session/1aa44dde-b5f4-4f55-8830-6e0896884eda/element/00000000-0000-0269-ffff-ffff000000bc/location[39m
[38;5;0m[HTTP][0m [90m{}[39m
[38;5;48m[AndroidUiautomator2Driver@a160 (1aa44dde)][0m Driver proxy active, passing request on via HTTP proxy
[38;5;48m[AndroidUiautomator2Driver@a160 (1aa44dde)][0m Replacing sessionId 97e4f6c7-842f-4765-a28f-8ab01a362849 with 1aa44dde-b5f4-4f55-8830-6e0896884eda
[38;5;0m[HTTP][0m [37m<-- GET /wd/hub/session/1aa44dde-b5f4-4f55-8830-6e0896884eda/element/00000000-0000-0269-ffff-ffff000000bc/location [39m[32m200[39m [90m24 ms - 78[39m
[38;5;0m[HTTP][0m [90m[39m
[38;5;0m[HTTP][0m [37m-->[39m [37mPOST[39m [37m/wd/hub/session/1aa44dde-b5f4-4f55-8830-6e0896884eda/timeouts[39m
[38;5;0m[HTTP][0m [90m{"implicit":30000}[39m
[38;5;0m[HTTP][0m [37m<-- POST /wd/hub/session/1aa44dde-b5f4-4f55-8830-6e0896884eda/timeouts [39m[32m200[39m [90m1 ms - 14[39m
[38;5;0m[HTTP][0m [90m[39m
[38;5;0m[HTTP][0m [37m-->[39m [37mPOST[39m [37m/wd/hub/session/1aa44dde-b5f4-4f55-8830-6e0896884eda/element/00000000-0000-0269-ffff-ffff000000bc/click[39m
[38;5;0m[HTTP][0m [90m{"id":"00000000-0000-0269-ffff-ffff000000bc"}[39m
[38;5;0m[HTTP][0m [37m<-- POST /wd/hub/session/1aa44dde-b5f4-4f55-8830-6e0896884eda/element/00000000-0000-0269-ffff-ffff000000bc/click [39m[32m200[39m [90m1589 ms - 14[39m
[38;5;0m[HTTP][0m [90m[39m
[38;5;0m[HTTP][0m [37m-->[39m [37mGET[39m [37m/wd/hub/session/1aa44dde-b5f4-4f55-8830-6e0896884eda/context[39m
[38;5;0m[HTTP][0m [90m{}[39m
[38;5;0m[HTTP][0m [37m<-- GET /wd/hub/session/1aa44dde-b5f4-4f55-8830-6e0896884eda/context [39m[32m200[39m [90m1 ms - 22[39m
[38;5;0m[HTTP][0m [90m[39m
[38;5;0m[HTTP][0m [37m-->[39m [37mGET[39m [37m/wd/hub/session/1aa44dde-b5f4-4f55-8830-6e0896884eda/contexts[39m
[38;5;0m[HTTP][0m [90m{}[39m
[38;5;0m[HTTP][0m [37m<-- GET /wd/hub/session/1aa44dde-b5f4-4f55-8830-6e0896884eda/contexts [39m[32m200[39m [90m284 ms - 58[39m
[38;5;0m[HTTP][0m [90m[39m
[38;5;0m[HTTP][0m [37m-->[39m [37mPOST[39m [37m/wd/hub/session/1aa44dde-b5f4-4f55-8830-6e0896884eda/context[39m
[38;5;0m[HTTP][0m [90m{"name":"NATIVE_APP"}[39m
[38;5;0m[HTTP][0m [37m<-- POST /wd/hub/session/1aa44dde-b5f4-4f55-8830-6e0896884eda/context [39m[32m200[39m [90m1 ms - 14[39m
[38;5;0m[HTTP][0m [90m[39m
[38;5;0m[HTTP][0m [37m-->[39m [37mGET[39m [37m/wd/hub/session/1aa44dde-b5f4-4f55-8830-6e0896884eda/appium/device/current_package[39m
[38;5;0m[HTTP][0m [90m{}[39m
[38;5;0m[HTTP][0m [37m<-- GET /wd/hub/session/1aa44dde-b5f4-4f55-8830-6e0896884eda/appium/device/current_package [39m[32m200[39m [90m51 ms - 35[39m
[38;5;0m[HTTP][0m [90m[39m
[38;5;0m[HTTP][0m [37m-->[39m [37mPOST[39m [37m/wd/hub/session/1aa44dde-b5f4-4f55-8830-6e0896884eda/appium/device/terminate_app[39m
[38;5;0m[HTTP][0m [90m{"bundleId":"com.solodroid.solomerce"}[39m
[38;5;48m[AndroidUiautomator2Driver@a160 (1aa44dde)][0m Terminating 'com.solodroid.solomerce'
[38;5;48m[AndroidUiautomator2Driver@a160 (1aa44dde)][0m Querying the state of 'com.solodroid.solomerce'
[38;5;48m[AndroidUiautomator2Driver@a160 (1aa44dde)][0m 'com.solodroid.solomerce' has been successfully terminated
[38;5;0m[HTTP][0m [37m<-- POST /wd/hub/session/1aa44dde-b5f4-4f55-8830-6e0896884eda/appium/device/terminate_app [39m[32m200[39m [90m884 ms - 14[39m
[38;5;0m[HTTP][0m [90m[39m
[38;5;0m[HTTP][0m [37m-->[39m [37mPOST[39m [37m/wd/hub/session/1aa44dde-b5f4-4f55-8830-6e0896884eda/context[39m
[38;5;0m[HTTP][0m [90m{"name":"NATIVE_APP"}[39m
[38;5;0m[HTTP][0m [37m<-- POST /wd/hub/session/1aa44dde-b5f4-4f55-8830-6e0896884eda/context [39m[32m200[39m [90m1 ms - 14[39m
[38;5;0m[HTTP][0m [90m[39m
[38;5;0m[HTTP][0m [37m-->[39m [37mDELETE[39m [37m/wd/hub/session/1aa44dde-b5f4-4f55-8830-6e0896884eda[39m
[38;5;0m[HTTP][0m [90m{}[39m
[38;5;16m[AppiumDriver@81f1][0m Removing session 1aa44dde-b5f4-4f55-8830-6e0896884eda from our master session list
[38;5;64m[ADB][0m com.solodroid.solomerce was successfully uninstalled
[38;5;48m[AndroidUiautomator2Driver@a160 (1aa44dde)][0m Restoring hidden api policy to the device default configuration
[38;5;0m[HTTP][0m [37m<-- DELETE /wd/hub/session/1aa44dde-b5f4-4f55-8830-6e0896884eda [39m[32m200[39m [90m1158 ms - 14[39m
[38;5;0m[HTTP][0m [90m[39m
