[35m[Appium][39m Welcome to Appium v2.5.0
[35m[Appium][39m Non-default server args:
[35m[Appium][39m { basePath: [32m'/wd/hub'[39m, loglevel: [32m'info'[39m, port: [33m10177[39m }
[35m[Appium][39m Attempting to load driver uiautomator2...
[35m[Appium][39m Appium REST http interface listener started on http://0.0.0.0:10177/wd/hub
[35m[Appium][39m You can provide the following URLs in your client code to connect to this server:
[35m[Appium][39m 	http://172.16.213.207:10177/wd/hub
[35m[Appium][39m 	http://127.0.0.1:10177/wd/hub (only accessible from the same host)
[35m[Appium][39m Available drivers:
[35m[Appium][39m   - uiautomator2@3.0.0 (automationName 'UiAutomator2')
[35m[Appium][39m No plugins have been installed. Use the "appium plugin" command to install the one(s) you want to use.
[38;5;0m[HTTP][0m [37m-->[39m [37mGET[39m [37m/wd/hub/status[39m
[38;5;0m[HTTP][0m [90m{}[39m
[38;5;0m[HTTP][0m [37m<-- GET /wd/hub/status [39m[32m200[39m [90m5 ms - 110[39m
[38;5;0m[HTTP][0m [90m[39m
[38;5;0m[HTTP][0m [37m-->[39m [37mPOST[39m [37m/wd/hub/session[39m
[38;5;0m[HTTP][0m [90m{"desiredCapabilities":{"appium:systemPort":10176,"appium:newCommandTimeout":1800,"appium:automationName":"uiautomator2","appium:fullReset":true,"appium:platformVersion":"14","appium:noReset":false,"appium:udid":"emulator-5554","appium:autoGrantPermissions":true,"appium:platformName":"ANDROID","appium:deviceName":"emulator-5554 (sdk_gphone64_x86_64 - Android 14)","platformName":"Android","appium:app":"C:\\Users\\asus\\Downloads\\Documents\\Compressed\\Android-Solodroid_E-CommerceApp Demo_3.2.0.apk\\Solodroid_E-CommerceApp Demo_3.2.0.apk"},"capabilities":{"firstMatch":[{"appium:app":"C:\\Users\\asus\\Downloads\\Documents\\Compressed\\Android-Solodroid_E-CommerceApp Demo_3.2.0.apk\\Solodroid_E-CommerceApp Demo_3.2.0.apk","appium:autoGrantPermissions":true,"appium:automationName":"uiautomator2","appium:deviceName":"emulator-5554 (sdk_gphone64_x86_64 - Android 14)","appium:fullReset":true,"appium:newCommandTimeout":1800,"appium:noReset":false,"appium:platformName":"ANDROID","appium:platformVersion":"14","appiu...[39m
[38;5;32m[BaseDriver][0m Ignoring capability 'appium:platformName=ANDROID' and using capability 'platformName=android'
[38;5;32m[BaseDriver][0m The capabilities ["platformName"] are standard capabilities and do not require "appium:" prefix
[35m[Appium][39m Attempting to find matching driver for automationName 'uiautomator2' and platformName 'android'
[35m[Appium][39m The 'uiautomator2' driver was installed and matched caps.
[35m[Appium][39m Will require it at C:\Users\asus\.appium\node_modules\appium-uiautomator2-driver
[38;5;16m[AppiumDriver@edf6][0m Appium v2.5.0 creating new AndroidUiautomator2Driver (v3.0.0) session
[38;5;16m[AppiumDriver@edf6][0m Checking BaseDriver versions for Appium and AndroidUiautomator2Driver
[38;5;16m[AppiumDriver@edf6][0m Appium's BaseDriver version is 9.5.1
[38;5;16m[AppiumDriver@edf6][0m AndroidUiautomator2Driver's BaseDriver version is 9.5.1
[38;5;48m[AndroidUiautomator2Driver@b6db (5039be90)][0m Session created with session id: 5039be90-0de1-4e76-8b38-38c545e2c839
[38;5;64m[ADB][0m Found 1 'build-tools' folders under 'C:\Users\asus\.katalon\tools\android_sdk' (newest first):
[38;5;64m[ADB][0m     C:\Users\asus\.katalon\tools\android_sdk\build-tools\29.0.3
[38;5;64m[ADB][0m Using 'adb.exe' from 'C:\Users\asus\.katalon\tools\android_sdk\platform-tools\adb.exe'
[38;5;48m[AndroidUiautomator2Driver@b6db (5039be90)][0m Retrieving device list
[38;5;48m[AndroidUiautomator2Driver@b6db (5039be90)][0m Using device: emulator-5554
[38;5;64m[ADB][0m Using 'adb.exe' from 'C:\Users\asus\.katalon\tools\android_sdk\platform-tools\adb.exe'
[38;5;32m[BaseDriver][0m Using local app 'C:\Users\asus\Downloads\Documents\Compressed\Android-Solodroid_E-CommerceApp Demo_3.2.0.apk\Solodroid_E-CommerceApp Demo_3.2.0.apk'
[38;5;64m[ADB][0m Getting device platform version
[38;5;48m[AndroidUiautomator2Driver@b6db (5039be90)][0m Relaxing hidden api policy
[38;5;64m[ADB][0m Package name: 'com.solodroid.solomerce'
[38;5;64m[ADB][0m Main activity name: 'com.solodroid.solomerce.activities.ActivitySplash'
[38;5;64m[ADB][0m Using 'apksigner.jar' from 'C:\Users\asus\.katalon\tools\android_sdk\build-tools\29.0.3\lib\apksigner.jar'
[38;5;64m[ADB][0m 'C:\Users\asus\.appium\node_modules\appium-uiautomator2-driver\node_modules\appium-uiautomator2-server\apks\appium-uiautomator2-server-debug-androidTest.apk' is signed with the default certificate
[38;5;64m[ADB][0m 'C:\Users\asus\Downloads\Documents\Compressed\Android-Solodroid_E-CommerceApp Demo_3.2.0.apk\Solodroid_E-CommerceApp Demo_3.2.0.apk' is signed with a non-default certificate
[38;5;64m[ADB][0m com.solodroid.solomerce was not uninstalled, because it was not present on the device
[38;5;64m[ADB][0m The application at 'C:\Users\asus\Downloads\Documents\Compressed\Android-Solodroid_E-CommerceApp Demo_3.2.0.apk\Solodroid_E-CommerceApp Demo_3.2.0.apk' will not be cached, because the device under test has confirmed the support of streamed installs
[38;5;64m[ADB][0m 'C:\Users\asus\.appium\node_modules\appium-uiautomator2-driver\node_modules\appium-uiautomator2-server\apks\appium-uiautomator2-server-v7.0.0.apk' is signed with the default certificate
[38;5;48m[AndroidUiautomator2Driver@b6db (5039be90)][0m Server packages are not going to be (re)installed
[38;5;64m[ADB][0m Adding packages ["io.appium.settings","io.appium.uiautomator2.server","io.appium.uiautomator2.server.test"] to Doze whitelist
[38;5;64m[ADB][0m The installation of 'Solodroid_E-CommerceApp Demo_3.2.0.apk' took 1685ms
[38;5;48m[AndroidUiautomator2Driver@b6db (5039be90)][0m Starting UIAutomator2 server 7.0.0
[38;5;48m[AndroidUiautomator2Driver@b6db (5039be90)][0m Using UIAutomator2 server from 'C:\Users\asus\.appium\node_modules\appium-uiautomator2-driver\node_modules\appium-uiautomator2-server\apks\appium-uiautomator2-server-v7.0.0.apk' and test from 'C:\Users\asus\.appium\node_modules\appium-uiautomator2-driver\node_modules\appium-uiautomator2-server\apks\appium-uiautomator2-server-debug-androidTest.apk'
[38;5;48m[AndroidUiautomator2Driver@b6db (5039be90)][0m Waiting up to 30000ms for UiAutomator2 to be online...
[38;5;48m[AndroidUiautomator2Driver@b6db (5039be90)][0m socket hang up
[38;5;48m[AndroidUiautomator2Driver@b6db (5039be90)][0m socket hang up
[38;5;48m[AndroidUiautomator2Driver@b6db (5039be90)][0m socket hang up
[38;5;48m[AndroidUiautomator2Driver@b6db (5039be90)][0m Determined the downstream protocol as 'W3C'
[38;5;48m[AndroidUiautomator2Driver@b6db (5039be90)][0m Screen already unlocked, doing nothing
[38;5;48m[AndroidUiautomator2Driver@b6db (5039be90)][0m Starting 'com.solodroid.solomerce/com.solodroid.solomerce.activities.ActivitySplash and waiting for 'com.solodroid.solomerce/com.solodroid.solomerce.activities.ActivitySplash'
[38;5;16m[AppiumDriver@edf6][0m New AndroidUiautomator2Driver session created successfully, session 5039be90-0de1-4e76-8b38-38c545e2c839 added to master session list
[38;5;0m[HTTP][0m [37m<-- POST /wd/hub/session [39m[32m200[39m [90m8766 ms - 1400[39m
[38;5;0m[HTTP][0m [90m[39m
[38;5;0m[HTTP][0m [37m-->[39m [37mGET[39m [37m/wd/hub/session/5039be90-0de1-4e76-8b38-38c545e2c839[39m
[38;5;0m[HTTP][0m [90m{}[39m
[38;5;0m[HTTP][0m [37m<-- GET /wd/hub/session/5039be90-0de1-4e76-8b38-38c545e2c839 [39m[32m200[39m [90m28 ms - 451[39m
[38;5;0m[HTTP][0m [90m[39m
[38;5;0m[HTTP][0m [37m-->[39m [37mGET[39m [37m/wd/hub/session/5039be90-0de1-4e76-8b38-38c545e2c839[39m
[38;5;0m[HTTP][0m [90m{}[39m
[38;5;0m[HTTP][0m [37m<-- GET /wd/hub/session/5039be90-0de1-4e76-8b38-38c545e2c839 [39m[32m200[39m [90m29 ms - 451[39m
[38;5;0m[HTTP][0m [90m[39m
[38;5;0m[HTTP][0m [37m-->[39m [37mGET[39m [37m/wd/hub/status[39m
[38;5;0m[HTTP][0m [90m{}[39m
[38;5;0m[HTTP][0m [37m<-- GET /wd/hub/status [39m[32m200[39m [90m1 ms - 110[39m
[38;5;0m[HTTP][0m [90m[39m
[38;5;0m[HTTP][0m [37m-->[39m [37mPOST[39m [37m/wd/hub/session/5039be90-0de1-4e76-8b38-38c545e2c839/timeouts[39m
[38;5;0m[HTTP][0m [90m{"implicit":30000}[39m
[38;5;0m[HTTP][0m [37m<-- POST /wd/hub/session/5039be90-0de1-4e76-8b38-38c545e2c839/timeouts [39m[32m200[39m [90m4 ms - 14[39m
[38;5;0m[HTTP][0m [90m[39m
[38;5;0m[HTTP][0m [37m-->[39m [37mGET[39m [37m/wd/hub/session/5039be90-0de1-4e76-8b38-38c545e2c839/appium/device/system_bars[39m
[38;5;0m[HTTP][0m [90m{}[39m
[38;5;0m[HTTP][0m [37m<-- GET /wd/hub/session/5039be90-0de1-4e76-8b38-38c545e2c839/appium/device/system_bars [39m[32m200[39m [90m144 ms - 152[39m
[38;5;0m[HTTP][0m [90m[39m
[38;5;0m[HTTP][0m [37m-->[39m [37mPOST[39m [37m/wd/hub/session/5039be90-0de1-4e76-8b38-38c545e2c839/timeouts[39m
[38;5;0m[HTTP][0m [90m{"implicit":50}[39m
[38;5;0m[HTTP][0m [37m<-- POST /wd/hub/session/5039be90-0de1-4e76-8b38-38c545e2c839/timeouts [39m[32m200[39m [90m2 ms - 14[39m
[38;5;0m[HTTP][0m [90m[39m
[38;5;0m[HTTP][0m [37m-->[39m [37mGET[39m [37m/wd/hub/session/5039be90-0de1-4e76-8b38-38c545e2c839/window/rect[39m
[38;5;0m[HTTP][0m [90m{}[39m
[38;5;0m[HTTP][0m [37m<-- GET /wd/hub/session/5039be90-0de1-4e76-8b38-38c545e2c839/window/rect [39m[32m200[39m [90m52 ms - 50[39m
[38;5;0m[HTTP][0m [90m[39m
[38;5;0m[HTTP][0m [37m-->[39m [37mPOST[39m [37m/wd/hub/session/5039be90-0de1-4e76-8b38-38c545e2c839/elements[39m
[38;5;0m[HTTP][0m [90m{"using":"xpath","value":"//*[@class = 'android.widget.FrameLayout' and @resource-id = 'com.solodroid.solomerce:id/nav_category' and (@text = '' or . = '')]"}[39m
[38;5;0m[HTTP][0m [37m<-- POST /wd/hub/session/5039be90-0de1-4e76-8b38-38c545e2c839/elements [39m[32m200[39m [90m1912 ms - 139[39m
[38;5;0m[HTTP][0m [90m[39m
[38;5;0m[HTTP][0m [37m-->[39m [37mGET[39m [37m/wd/hub/session/5039be90-0de1-4e76-8b38-38c545e2c839/element/00000000-0000-001b-ffff-ffff00000020/location[39m
[38;5;0m[HTTP][0m [90m{}[39m
[38;5;48m[AndroidUiautomator2Driver@b6db (5039be90)][0m Driver proxy active, passing request on via HTTP proxy
[38;5;48m[AndroidUiautomator2Driver@b6db (5039be90)][0m Replacing sessionId dabd04ff-6ac4-4815-af8f-fafb2c488637 with 5039be90-0de1-4e76-8b38-38c545e2c839
[38;5;0m[HTTP][0m [37m<-- GET /wd/hub/session/5039be90-0de1-4e76-8b38-38c545e2c839/element/00000000-0000-001b-ffff-ffff00000020/location [39m[32m200[39m [90m916 ms - 79[39m
[38;5;0m[HTTP][0m [90m[39m
[38;5;0m[HTTP][0m [37m-->[39m [37mPOST[39m [37m/wd/hub/session/5039be90-0de1-4e76-8b38-38c545e2c839/timeouts[39m
[38;5;0m[HTTP][0m [90m{"implicit":30000}[39m
[38;5;0m[HTTP][0m [37m<-- POST /wd/hub/session/5039be90-0de1-4e76-8b38-38c545e2c839/timeouts [39m[32m200[39m [90m1 ms - 14[39m
[38;5;0m[HTTP][0m [90m[39m
[38;5;0m[HTTP][0m [37m-->[39m [37mPOST[39m [37m/wd/hub/session/5039be90-0de1-4e76-8b38-38c545e2c839/element/00000000-0000-001b-ffff-ffff00000020/click[39m
[38;5;0m[HTTP][0m [90m{"id":"00000000-0000-001b-ffff-ffff00000020"}[39m
[38;5;0m[HTTP][0m [37m<-- POST /wd/hub/session/5039be90-0de1-4e76-8b38-38c545e2c839/element/00000000-0000-001b-ffff-ffff00000020/click [39m[32m200[39m [90m2816 ms - 14[39m
[38;5;0m[HTTP][0m [90m[39m
[38;5;0m[HTTP][0m [37m-->[39m [37mPOST[39m [37m/wd/hub/session/5039be90-0de1-4e76-8b38-38c545e2c839/timeouts[39m
[38;5;0m[HTTP][0m [90m{"implicit":50}[39m
[38;5;0m[HTTP][0m [37m<-- POST /wd/hub/session/5039be90-0de1-4e76-8b38-38c545e2c839/timeouts [39m[32m200[39m [90m2 ms - 14[39m
[38;5;0m[HTTP][0m [90m[39m
[38;5;0m[HTTP][0m [37m-->[39m [37mGET[39m [37m/wd/hub/session/5039be90-0de1-4e76-8b38-38c545e2c839/window/rect[39m
[38;5;0m[HTTP][0m [90m{}[39m
[38;5;0m[HTTP][0m [37m<-- GET /wd/hub/session/5039be90-0de1-4e76-8b38-38c545e2c839/window/rect [39m[32m200[39m [90m26 ms - 50[39m
[38;5;0m[HTTP][0m [90m[39m
[38;5;0m[HTTP][0m [37m-->[39m [37mPOST[39m [37m/wd/hub/session/5039be90-0de1-4e76-8b38-38c545e2c839/elements[39m
[38;5;0m[HTTP][0m [90m{"using":"xpath","value":"//hierarchy/android.widget.FrameLayout[1]/android.widget.LinearLayout[1]/android.widget.FrameLayout[1]/android.widget.LinearLayout[1]/android.widget.FrameLayout[1]/android.widget.RelativeLayout[1]/android.view.ViewGroup[1]/androidx.viewpager.widget.ViewPager[1]/android.widget.LinearLayout[1]/android.view.ViewGroup[1]/androidx.recyclerview.widget.RecyclerView[1]/android.widget.FrameLayout[2]/android.widget.RelativeLayout[1]"}[39m
[38;5;0m[HTTP][0m [37m<-- POST /wd/hub/session/5039be90-0de1-4e76-8b38-38c545e2c839/elements [39m[32m200[39m [90m190 ms - 139[39m
[38;5;0m[HTTP][0m [90m[39m
[38;5;0m[HTTP][0m [37m-->[39m [37mGET[39m [37m/wd/hub/session/5039be90-0de1-4e76-8b38-38c545e2c839/element/00000000-0000-001b-ffff-ffff000000a2/location[39m
[38;5;0m[HTTP][0m [90m{}[39m
[38;5;48m[AndroidUiautomator2Driver@b6db (5039be90)][0m Driver proxy active, passing request on via HTTP proxy
[38;5;48m[AndroidUiautomator2Driver@b6db (5039be90)][0m Replacing sessionId dabd04ff-6ac4-4815-af8f-fafb2c488637 with 5039be90-0de1-4e76-8b38-38c545e2c839
[38;5;0m[HTTP][0m [37m<-- GET /wd/hub/session/5039be90-0de1-4e76-8b38-38c545e2c839/element/00000000-0000-001b-ffff-ffff000000a2/location [39m[32m200[39m [90m29 ms - 77[39m
[38;5;0m[HTTP][0m [90m[39m
[38;5;0m[HTTP][0m [37m-->[39m [37mPOST[39m [37m/wd/hub/session/5039be90-0de1-4e76-8b38-38c545e2c839/timeouts[39m
[38;5;0m[HTTP][0m [90m{"implicit":30000}[39m
[38;5;0m[HTTP][0m [37m<-- POST /wd/hub/session/5039be90-0de1-4e76-8b38-38c545e2c839/timeouts [39m[32m200[39m [90m1 ms - 14[39m
[38;5;0m[HTTP][0m [90m[39m
[38;5;0m[HTTP][0m [37m-->[39m [37mPOST[39m [37m/wd/hub/session/5039be90-0de1-4e76-8b38-38c545e2c839/element/00000000-0000-001b-ffff-ffff000000a2/click[39m
[38;5;0m[HTTP][0m [90m{"id":"00000000-0000-001b-ffff-ffff000000a2"}[39m
[38;5;0m[HTTP][0m [37m<-- POST /wd/hub/session/5039be90-0de1-4e76-8b38-38c545e2c839/element/00000000-0000-001b-ffff-ffff000000a2/click [39m[32m200[39m [90m2828 ms - 14[39m
[38;5;0m[HTTP][0m [90m[39m
[38;5;0m[HTTP][0m [37m-->[39m [37mPOST[39m [37m/wd/hub/session/5039be90-0de1-4e76-8b38-38c545e2c839/timeouts[39m
[38;5;0m[HTTP][0m [90m{"implicit":50}[39m
[38;5;0m[HTTP][0m [37m<-- POST /wd/hub/session/5039be90-0de1-4e76-8b38-38c545e2c839/timeouts [39m[32m200[39m [90m2 ms - 14[39m
[38;5;0m[HTTP][0m [90m[39m
[38;5;0m[HTTP][0m [37m-->[39m [37mGET[39m [37m/wd/hub/session/5039be90-0de1-4e76-8b38-38c545e2c839/window/rect[39m
[38;5;0m[HTTP][0m [90m{}[39m
[38;5;0m[HTTP][0m [37m<-- GET /wd/hub/session/5039be90-0de1-4e76-8b38-38c545e2c839/window/rect [39m[32m200[39m [90m24 ms - 50[39m
[38;5;0m[HTTP][0m [90m[39m
[38;5;0m[HTTP][0m [37m-->[39m [37mPOST[39m [37m/wd/hub/session/5039be90-0de1-4e76-8b38-38c545e2c839/elements[39m
[38;5;0m[HTTP][0m [90m{"using":"xpath","value":"//hierarchy/android.widget.FrameLayout[1]/android.widget.LinearLayout[1]/android.widget.FrameLayout[1]/android.widget.LinearLayout[1]/android.widget.FrameLayout[1]/android.widget.LinearLayout[1]/android.view.ViewGroup[2]/androidx.recyclerview.widget.RecyclerView[1]/android.widget.FrameLayout[3]/android.widget.RelativeLayout[1]/android.view.ViewGroup[1]/android.widget.ImageView[1]"}[39m
[38;5;0m[HTTP][0m [37m<-- POST /wd/hub/session/5039be90-0de1-4e76-8b38-38c545e2c839/elements [39m[32m200[39m [90m168 ms - 139[39m
[38;5;0m[HTTP][0m [90m[39m
[38;5;0m[HTTP][0m [37m-->[39m [37mGET[39m [37m/wd/hub/session/5039be90-0de1-4e76-8b38-38c545e2c839/element/00000000-0000-001c-ffff-ffff000000e1/location[39m
[38;5;0m[HTTP][0m [90m{}[39m
[38;5;48m[AndroidUiautomator2Driver@b6db (5039be90)][0m Driver proxy active, passing request on via HTTP proxy
[38;5;48m[AndroidUiautomator2Driver@b6db (5039be90)][0m Replacing sessionId dabd04ff-6ac4-4815-af8f-fafb2c488637 with 5039be90-0de1-4e76-8b38-38c545e2c839
[38;5;0m[HTTP][0m [37m<-- GET /wd/hub/session/5039be90-0de1-4e76-8b38-38c545e2c839/element/00000000-0000-001c-ffff-ffff000000e1/location [39m[32m200[39m [90m32 ms - 78[39m
[38;5;0m[HTTP][0m [90m[39m
[38;5;0m[HTTP][0m [37m-->[39m [37mPOST[39m [37m/wd/hub/session/5039be90-0de1-4e76-8b38-38c545e2c839/timeouts[39m
[38;5;0m[HTTP][0m [90m{"implicit":30000}[39m
[38;5;0m[HTTP][0m [37m<-- POST /wd/hub/session/5039be90-0de1-4e76-8b38-38c545e2c839/timeouts [39m[32m200[39m [90m1 ms - 14[39m
[38;5;0m[HTTP][0m [90m[39m
[38;5;0m[HTTP][0m [37m-->[39m [37mPOST[39m [37m/wd/hub/session/5039be90-0de1-4e76-8b38-38c545e2c839/element/00000000-0000-001c-ffff-ffff000000e1/click[39m
[38;5;0m[HTTP][0m [90m{"id":"00000000-0000-001c-ffff-ffff000000e1"}[39m
[38;5;0m[HTTP][0m [37m<-- POST /wd/hub/session/5039be90-0de1-4e76-8b38-38c545e2c839/element/00000000-0000-001c-ffff-ffff000000e1/click [39m[32m200[39m [90m71 ms - 14[39m
[38;5;0m[HTTP][0m [90m[39m
[38;5;0m[HTTP][0m [37m-->[39m [37mPOST[39m [37m/wd/hub/session/5039be90-0de1-4e76-8b38-38c545e2c839/timeouts[39m
[38;5;0m[HTTP][0m [90m{"implicit":50}[39m
[38;5;0m[HTTP][0m [37m<-- POST /wd/hub/session/5039be90-0de1-4e76-8b38-38c545e2c839/timeouts [39m[32m200[39m [90m3 ms - 14[39m
[38;5;0m[HTTP][0m [90m[39m
[38;5;0m[HTTP][0m [37m-->[39m [37mGET[39m [37m/wd/hub/session/5039be90-0de1-4e76-8b38-38c545e2c839/window/rect[39m
[38;5;0m[HTTP][0m [90m{}[39m
[38;5;0m[HTTP][0m [37m<-- GET /wd/hub/session/5039be90-0de1-4e76-8b38-38c545e2c839/window/rect [39m[32m200[39m [90m23 ms - 50[39m
[38;5;0m[HTTP][0m [90m[39m
[38;5;0m[HTTP][0m [37m-->[39m [37mPOST[39m [37m/wd/hub/session/5039be90-0de1-4e76-8b38-38c545e2c839/elements[39m
[38;5;0m[HTTP][0m [90m{"using":"xpath","value":"//*[@class = 'android.widget.Button' and (@text = 'ADD TO CART' or . = 'ADD TO CART') and @resource-id = 'com.solodroid.solomerce:id/btn_add_cart']"}[39m
[38;5;0m[HTTP][0m [37m<-- POST /wd/hub/session/5039be90-0de1-4e76-8b38-38c545e2c839/elements [39m[32m200[39m [90m232 ms - 12[39m
[38;5;0m[HTTP][0m [90m[39m
[38;5;0m[HTTP][0m [37m-->[39m [37mPOST[39m [37m/wd/hub/session/5039be90-0de1-4e76-8b38-38c545e2c839/elements[39m
[38;5;0m[HTTP][0m [90m{"using":"xpath","value":"//*[@class = 'android.widget.Button' and (@text = 'ADD TO CART' or . = 'ADD TO CART') and @resource-id = 'com.solodroid.solomerce:id/btn_add_cart']"}[39m
[38;5;0m[HTTP][0m [37m<-- POST /wd/hub/session/5039be90-0de1-4e76-8b38-38c545e2c839/elements [39m[32m200[39m [90m1317 ms - 12[39m
[38;5;0m[HTTP][0m [90m[39m
[38;5;0m[HTTP][0m [37m-->[39m [37mPOST[39m [37m/wd/hub/session/5039be90-0de1-4e76-8b38-38c545e2c839/elements[39m
[38;5;0m[HTTP][0m [90m{"using":"xpath","value":"//*[@class = 'android.widget.Button' and (@text = 'ADD TO CART' or . = 'ADD TO CART') and @resource-id = 'com.solodroid.solomerce:id/btn_add_cart']"}[39m
[38;5;0m[HTTP][0m [37m<-- POST /wd/hub/session/5039be90-0de1-4e76-8b38-38c545e2c839/elements [39m[32m200[39m [90m1311 ms - 139[39m
[38;5;0m[HTTP][0m [90m[39m
[38;5;0m[HTTP][0m [37m-->[39m [37mGET[39m [37m/wd/hub/session/5039be90-0de1-4e76-8b38-38c545e2c839/element/00000000-0000-001d-ffff-ffff00000110/location[39m
[38;5;0m[HTTP][0m [90m{}[39m
[38;5;48m[AndroidUiautomator2Driver@b6db (5039be90)][0m Driver proxy active, passing request on via HTTP proxy
[38;5;48m[AndroidUiautomator2Driver@b6db (5039be90)][0m Replacing sessionId dabd04ff-6ac4-4815-af8f-fafb2c488637 with 5039be90-0de1-4e76-8b38-38c545e2c839
[38;5;0m[HTTP][0m [37m<-- GET /wd/hub/session/5039be90-0de1-4e76-8b38-38c545e2c839/element/00000000-0000-001d-ffff-ffff00000110/location [39m[32m200[39m [90m390 ms - 77[39m
[38;5;0m[HTTP][0m [90m[39m
[38;5;0m[HTTP][0m [37m-->[39m [37mPOST[39m [37m/wd/hub/session/5039be90-0de1-4e76-8b38-38c545e2c839/timeouts[39m
[38;5;0m[HTTP][0m [90m{"implicit":30000}[39m
[38;5;0m[HTTP][0m [37m<-- POST /wd/hub/session/5039be90-0de1-4e76-8b38-38c545e2c839/timeouts [39m[32m200[39m [90m1 ms - 14[39m
[38;5;0m[HTTP][0m [90m[39m
[38;5;0m[HTTP][0m [37m-->[39m [37mPOST[39m [37m/wd/hub/session/5039be90-0de1-4e76-8b38-38c545e2c839/element/00000000-0000-001d-ffff-ffff00000110/click[39m
[38;5;0m[HTTP][0m [90m{"id":"00000000-0000-001d-ffff-ffff00000110"}[39m
[38;5;0m[HTTP][0m [37m<-- POST /wd/hub/session/5039be90-0de1-4e76-8b38-38c545e2c839/element/00000000-0000-001d-ffff-ffff00000110/click [39m[32m200[39m [90m88 ms - 14[39m
[38;5;0m[HTTP][0m [90m[39m
[38;5;0m[HTTP][0m [37m-->[39m [37mPOST[39m [37m/wd/hub/session/5039be90-0de1-4e76-8b38-38c545e2c839/timeouts[39m
[38;5;0m[HTTP][0m [90m{"implicit":50}[39m
[38;5;0m[HTTP][0m [37m<-- POST /wd/hub/session/5039be90-0de1-4e76-8b38-38c545e2c839/timeouts [39m[32m200[39m [90m2 ms - 14[39m
[38;5;0m[HTTP][0m [90m[39m
[38;5;0m[HTTP][0m [37m-->[39m [37mGET[39m [37m/wd/hub/session/5039be90-0de1-4e76-8b38-38c545e2c839/window/rect[39m
[38;5;0m[HTTP][0m [90m{}[39m
[38;5;0m[HTTP][0m [37m<-- GET /wd/hub/session/5039be90-0de1-4e76-8b38-38c545e2c839/window/rect [39m[32m200[39m [90m24 ms - 50[39m
[38;5;0m[HTTP][0m [90m[39m
[38;5;0m[HTTP][0m [37m-->[39m [37mPOST[39m [37m/wd/hub/session/5039be90-0de1-4e76-8b38-38c545e2c839/elements[39m
[38;5;0m[HTTP][0m [90m{"using":"xpath","value":"//*[@class = 'android.widget.EditText' and @resource-id = 'com.solodroid.solomerce:id/userInputDialog' and (@text = '' or . = '')]"}[39m
[38;5;0m[HTTP][0m [37m<-- POST /wd/hub/session/5039be90-0de1-4e76-8b38-38c545e2c839/elements [39m[32m200[39m [90m209 ms - 12[39m
[38;5;0m[HTTP][0m [90m[39m
[38;5;0m[HTTP][0m [37m-->[39m [37mPOST[39m [37m/wd/hub/session/5039be90-0de1-4e76-8b38-38c545e2c839/elements[39m
[38;5;0m[HTTP][0m [90m{"using":"xpath","value":"//*[@class = 'android.widget.EditText' and @resource-id = 'com.solodroid.solomerce:id/userInputDialog' and (@text = '' or . = '')]"}[39m
[38;5;0m[HTTP][0m [37m<-- POST /wd/hub/session/5039be90-0de1-4e76-8b38-38c545e2c839/elements [39m[32m200[39m [90m229 ms - 139[39m
[38;5;0m[HTTP][0m [90m[39m
[38;5;0m[HTTP][0m [37m-->[39m [37mGET[39m [37m/wd/hub/session/5039be90-0de1-4e76-8b38-38c545e2c839/element/00000000-0000-001e-ffff-ffff00000129/location[39m
[38;5;0m[HTTP][0m [90m{}[39m
[38;5;48m[AndroidUiautomator2Driver@b6db (5039be90)][0m Driver proxy active, passing request on via HTTP proxy
[38;5;48m[AndroidUiautomator2Driver@b6db (5039be90)][0m Replacing sessionId dabd04ff-6ac4-4815-af8f-fafb2c488637 with 5039be90-0de1-4e76-8b38-38c545e2c839
[38;5;0m[HTTP][0m [37m<-- GET /wd/hub/session/5039be90-0de1-4e76-8b38-38c545e2c839/element/00000000-0000-001e-ffff-ffff00000129/location [39m[32m200[39m [90m742 ms - 79[39m
[38;5;0m[HTTP][0m [90m[39m
[38;5;0m[HTTP][0m [37m-->[39m [37mPOST[39m [37m/wd/hub/session/5039be90-0de1-4e76-8b38-38c545e2c839/timeouts[39m
[38;5;0m[HTTP][0m [90m{"implicit":30000}[39m
[38;5;0m[HTTP][0m [37m<-- POST /wd/hub/session/5039be90-0de1-4e76-8b38-38c545e2c839/timeouts [39m[32m200[39m [90m2 ms - 14[39m
[38;5;0m[HTTP][0m [90m[39m
[38;5;0m[HTTP][0m [37m-->[39m [37mPOST[39m [37m/wd/hub/session/5039be90-0de1-4e76-8b38-38c545e2c839/element/00000000-0000-001e-ffff-ffff00000129/clear[39m
[38;5;0m[HTTP][0m [90m{"id":"00000000-0000-001e-ffff-ffff00000129"}[39m
[38;5;0m[HTTP][0m [37m<-- POST /wd/hub/session/5039be90-0de1-4e76-8b38-38c545e2c839/element/00000000-0000-001e-ffff-ffff00000129/clear [39m[32m200[39m [90m33 ms - 14[39m
[38;5;0m[HTTP][0m [90m[39m
[38;5;0m[HTTP][0m [37m-->[39m [37mPOST[39m [37m/wd/hub/session/5039be90-0de1-4e76-8b38-38c545e2c839/element/00000000-0000-001e-ffff-ffff00000129/click[39m
[38;5;0m[HTTP][0m [90m{"id":"00000000-0000-001e-ffff-ffff00000129"}[39m
[38;5;0m[HTTP][0m [37m<-- POST /wd/hub/session/5039be90-0de1-4e76-8b38-38c545e2c839/element/00000000-0000-001e-ffff-ffff00000129/click [39m[32m200[39m [90m559 ms - 14[39m
[38;5;0m[HTTP][0m [90m[39m
[38;5;0m[HTTP][0m [37m-->[39m [37mPOST[39m [37m/wd/hub/session/5039be90-0de1-4e76-8b38-38c545e2c839/element/00000000-0000-001e-ffff-ffff00000129/value[39m
[38;5;0m[HTTP][0m [90m{"id":"00000000-0000-001e-ffff-ffff00000129","text":"2","value":["2"]}[39m
[38;5;0m[HTTP][0m [37m<-- POST /wd/hub/session/5039be90-0de1-4e76-8b38-38c545e2c839/element/00000000-0000-001e-ffff-ffff00000129/value [39m[32m200[39m [90m1234 ms - 14[39m
[38;5;0m[HTTP][0m [90m[39m
[38;5;0m[HTTP][0m [37m-->[39m [37mPOST[39m [37m/wd/hub/session/5039be90-0de1-4e76-8b38-38c545e2c839/timeouts[39m
[38;5;0m[HTTP][0m [90m{"implicit":50}[39m
[38;5;0m[HTTP][0m [37m<-- POST /wd/hub/session/5039be90-0de1-4e76-8b38-38c545e2c839/timeouts [39m[32m200[39m [90m2 ms - 14[39m
[38;5;0m[HTTP][0m [90m[39m
[38;5;0m[HTTP][0m [37m-->[39m [37mGET[39m [37m/wd/hub/session/5039be90-0de1-4e76-8b38-38c545e2c839/window/rect[39m
[38;5;0m[HTTP][0m [90m{}[39m
[38;5;0m[HTTP][0m [37m<-- GET /wd/hub/session/5039be90-0de1-4e76-8b38-38c545e2c839/window/rect [39m[32m200[39m [90m50 ms - 50[39m
[38;5;0m[HTTP][0m [90m[39m
[38;5;0m[HTTP][0m [37m-->[39m [37mPOST[39m [37m/wd/hub/session/5039be90-0de1-4e76-8b38-38c545e2c839/elements[39m
[38;5;0m[HTTP][0m [90m{"using":"xpath","value":"//*[@class = 'android.widget.Button' and (@text = 'ADD' or . = 'ADD') and @resource-id = 'android:id/button1']"}[39m
[38;5;0m[HTTP][0m [37m<-- POST /wd/hub/session/5039be90-0de1-4e76-8b38-38c545e2c839/elements [39m[32m200[39m [90m635 ms - 139[39m
[38;5;0m[HTTP][0m [90m[39m
[38;5;0m[HTTP][0m [37m-->[39m [37mGET[39m [37m/wd/hub/session/5039be90-0de1-4e76-8b38-38c545e2c839/element/00000000-0000-001e-ffff-ffff0000012f/location[39m
[38;5;0m[HTTP][0m [90m{}[39m
[38;5;48m[AndroidUiautomator2Driver@b6db (5039be90)][0m Driver proxy active, passing request on via HTTP proxy
[38;5;48m[AndroidUiautomator2Driver@b6db (5039be90)][0m Replacing sessionId dabd04ff-6ac4-4815-af8f-fafb2c488637 with 5039be90-0de1-4e76-8b38-38c545e2c839
[38;5;0m[HTTP][0m [37m<-- GET /wd/hub/session/5039be90-0de1-4e76-8b38-38c545e2c839/element/00000000-0000-001e-ffff-ffff0000012f/location [39m[32m200[39m [90m35 ms - 78[39m
[38;5;0m[HTTP][0m [90m[39m
[38;5;0m[HTTP][0m [37m-->[39m [37mPOST[39m [37m/wd/hub/session/5039be90-0de1-4e76-8b38-38c545e2c839/timeouts[39m
[38;5;0m[HTTP][0m [90m{"implicit":30000}[39m
[38;5;0m[HTTP][0m [37m<-- POST /wd/hub/session/5039be90-0de1-4e76-8b38-38c545e2c839/timeouts [39m[32m200[39m [90m1 ms - 14[39m
[38;5;0m[HTTP][0m [90m[39m
[38;5;0m[HTTP][0m [37m-->[39m [37mPOST[39m [37m/wd/hub/session/5039be90-0de1-4e76-8b38-38c545e2c839/element/00000000-0000-001e-ffff-ffff0000012f/click[39m
[38;5;0m[HTTP][0m [90m{"id":"00000000-0000-001e-ffff-ffff0000012f"}[39m
[38;5;0m[HTTP][0m [37m<-- POST /wd/hub/session/5039be90-0de1-4e76-8b38-38c545e2c839/element/00000000-0000-001e-ffff-ffff0000012f/click [39m[32m200[39m [90m83 ms - 14[39m
[38;5;0m[HTTP][0m [90m[39m
[38;5;0m[HTTP][0m [37m-->[39m [37mPOST[39m [37m/wd/hub/session/5039be90-0de1-4e76-8b38-38c545e2c839/timeouts[39m
[38;5;0m[HTTP][0m [90m{"implicit":50}[39m
[38;5;0m[HTTP][0m [37m<-- POST /wd/hub/session/5039be90-0de1-4e76-8b38-38c545e2c839/timeouts [39m[32m200[39m [90m2 ms - 14[39m
[38;5;0m[HTTP][0m [90m[39m
[38;5;0m[HTTP][0m [37m-->[39m [37mGET[39m [37m/wd/hub/session/5039be90-0de1-4e76-8b38-38c545e2c839/window/rect[39m
[38;5;0m[HTTP][0m [90m{}[39m
[38;5;0m[HTTP][0m [37m<-- GET /wd/hub/session/5039be90-0de1-4e76-8b38-38c545e2c839/window/rect [39m[32m200[39m [90m25 ms - 50[39m
[38;5;0m[HTTP][0m [90m[39m
[38;5;0m[HTTP][0m [37m-->[39m [37mPOST[39m [37m/wd/hub/session/5039be90-0de1-4e76-8b38-38c545e2c839/elements[39m
[38;5;0m[HTTP][0m [90m{"using":"xpath","value":"//*[@class = 'android.widget.TextView' and @resource-id = 'com.solodroid.solomerce:id/cart' and (@text = '' or . = '')]"}[39m
[38;5;0m[HTTP][0m [37m<-- POST /wd/hub/session/5039be90-0de1-4e76-8b38-38c545e2c839/elements [39m[32m200[39m [90m483 ms - 139[39m
[38;5;0m[HTTP][0m [90m[39m
[38;5;0m[HTTP][0m [37m-->[39m [37mGET[39m [37m/wd/hub/session/5039be90-0de1-4e76-8b38-38c545e2c839/element/00000000-0000-001d-ffff-ffff00000116/location[39m
[38;5;0m[HTTP][0m [90m{}[39m
[38;5;48m[AndroidUiautomator2Driver@b6db (5039be90)][0m Driver proxy active, passing request on via HTTP proxy
[38;5;48m[AndroidUiautomator2Driver@b6db (5039be90)][0m Replacing sessionId dabd04ff-6ac4-4815-af8f-fafb2c488637 with 5039be90-0de1-4e76-8b38-38c545e2c839
[38;5;0m[HTTP][0m [37m<-- GET /wd/hub/session/5039be90-0de1-4e76-8b38-38c545e2c839/element/00000000-0000-001d-ffff-ffff00000116/location [39m[32m200[39m [90m194 ms - 78[39m
[38;5;0m[HTTP][0m [90m[39m
[38;5;0m[HTTP][0m [37m-->[39m [37mPOST[39m [37m/wd/hub/session/5039be90-0de1-4e76-8b38-38c545e2c839/timeouts[39m
[38;5;0m[HTTP][0m [90m{"implicit":30000}[39m
[38;5;0m[HTTP][0m [37m<-- POST /wd/hub/session/5039be90-0de1-4e76-8b38-38c545e2c839/timeouts [39m[32m200[39m [90m1 ms - 14[39m
[38;5;0m[HTTP][0m [90m[39m
[38;5;0m[HTTP][0m [37m-->[39m [37mPOST[39m [37m/wd/hub/session/5039be90-0de1-4e76-8b38-38c545e2c839/element/00000000-0000-001d-ffff-ffff00000116/click[39m
[38;5;0m[HTTP][0m [90m{"id":"00000000-0000-001d-ffff-ffff00000116"}[39m
[38;5;0m[HTTP][0m [37m<-- POST /wd/hub/session/5039be90-0de1-4e76-8b38-38c545e2c839/element/00000000-0000-001d-ffff-ffff00000116/click [39m[32m200[39m [90m90 ms - 14[39m
[38;5;0m[HTTP][0m [90m[39m
[38;5;0m[HTTP][0m [37m-->[39m [37mPOST[39m [37m/wd/hub/session/5039be90-0de1-4e76-8b38-38c545e2c839/timeouts[39m
[38;5;0m[HTTP][0m [90m{"implicit":50}[39m
[38;5;0m[HTTP][0m [37m<-- POST /wd/hub/session/5039be90-0de1-4e76-8b38-38c545e2c839/timeouts [39m[32m200[39m [90m3 ms - 14[39m
[38;5;0m[HTTP][0m [90m[39m
[38;5;0m[HTTP][0m [37m-->[39m [37mGET[39m [37m/wd/hub/session/5039be90-0de1-4e76-8b38-38c545e2c839/window/rect[39m
[38;5;0m[HTTP][0m [90m{}[39m
[38;5;0m[HTTP][0m [37m<-- GET /wd/hub/session/5039be90-0de1-4e76-8b38-38c545e2c839/window/rect [39m[32m200[39m [90m21 ms - 50[39m
[38;5;0m[HTTP][0m [90m[39m
[38;5;0m[HTTP][0m [37m-->[39m [37mPOST[39m [37m/wd/hub/session/5039be90-0de1-4e76-8b38-38c545e2c839/elements[39m
[38;5;0m[HTTP][0m [90m{"using":"xpath","value":"//*[@class = 'android.widget.Button' and (@text = 'CHECKOUT' or . = 'CHECKOUT') and @resource-id = 'com.solodroid.solomerce:id/btn_checkout']"}[39m
[38;5;0m[HTTP][0m [37m<-- POST /wd/hub/session/5039be90-0de1-4e76-8b38-38c545e2c839/elements [39m[32m200[39m [90m1452 ms - 139[39m
[38;5;0m[HTTP][0m [90m[39m
[38;5;0m[HTTP][0m [37m-->[39m [37mGET[39m [37m/wd/hub/session/5039be90-0de1-4e76-8b38-38c545e2c839/element/00000000-0000-0020-ffff-ffff00000144/location[39m
[38;5;0m[HTTP][0m [90m{}[39m
[38;5;48m[AndroidUiautomator2Driver@b6db (5039be90)][0m Driver proxy active, passing request on via HTTP proxy
[38;5;48m[AndroidUiautomator2Driver@b6db (5039be90)][0m Replacing sessionId dabd04ff-6ac4-4815-af8f-fafb2c488637 with 5039be90-0de1-4e76-8b38-38c545e2c839
[38;5;0m[HTTP][0m [37m<-- GET /wd/hub/session/5039be90-0de1-4e76-8b38-38c545e2c839/element/00000000-0000-0020-ffff-ffff00000144/location [39m[32m200[39m [90m20 ms - 79[39m
[38;5;0m[HTTP][0m [90m[39m
[38;5;0m[HTTP][0m [37m-->[39m [37mPOST[39m [37m/wd/hub/session/5039be90-0de1-4e76-8b38-38c545e2c839/timeouts[39m
[38;5;0m[HTTP][0m [90m{"implicit":30000}[39m
[38;5;0m[HTTP][0m [37m<-- POST /wd/hub/session/5039be90-0de1-4e76-8b38-38c545e2c839/timeouts [39m[32m200[39m [90m2 ms - 14[39m
[38;5;0m[HTTP][0m [90m[39m
[38;5;0m[HTTP][0m [37m-->[39m [37mPOST[39m [37m/wd/hub/session/5039be90-0de1-4e76-8b38-38c545e2c839/element/00000000-0000-0020-ffff-ffff00000144/click[39m
[38;5;0m[HTTP][0m [90m{"id":"00000000-0000-0020-ffff-ffff00000144"}[39m
[38;5;0m[HTTP][0m [37m<-- POST /wd/hub/session/5039be90-0de1-4e76-8b38-38c545e2c839/element/00000000-0000-0020-ffff-ffff00000144/click [39m[32m200[39m [90m89 ms - 14[39m
[38;5;0m[HTTP][0m [90m[39m
[38;5;0m[HTTP][0m [37m-->[39m [37mPOST[39m [37m/wd/hub/session/5039be90-0de1-4e76-8b38-38c545e2c839/timeouts[39m
[38;5;0m[HTTP][0m [90m{"implicit":50}[39m
[38;5;0m[HTTP][0m [37m<-- POST /wd/hub/session/5039be90-0de1-4e76-8b38-38c545e2c839/timeouts [39m[32m200[39m [90m3 ms - 14[39m
[38;5;0m[HTTP][0m [90m[39m
[38;5;0m[HTTP][0m [37m-->[39m [37mGET[39m [37m/wd/hub/session/5039be90-0de1-4e76-8b38-38c545e2c839/window/rect[39m
[38;5;0m[HTTP][0m [90m{}[39m
[38;5;0m[HTTP][0m [37m<-- GET /wd/hub/session/5039be90-0de1-4e76-8b38-38c545e2c839/window/rect [39m[32m200[39m [90m29 ms - 50[39m
[38;5;0m[HTTP][0m [90m[39m
[38;5;0m[HTTP][0m [37m-->[39m [37mPOST[39m [37m/wd/hub/session/5039be90-0de1-4e76-8b38-38c545e2c839/elements[39m
[38;5;0m[HTTP][0m [90m{"using":"xpath","value":"//*[@class = 'android.widget.Button' and (@text = 'PROCESS CHECKOUT' or . = 'PROCESS CHECKOUT') and @resource-id = 'com.solodroid.solomerce:id/btn_submit_order']"}[39m
[38;5;0m[HTTP][0m [37m<-- POST /wd/hub/session/5039be90-0de1-4e76-8b38-38c545e2c839/elements [39m[32m200[39m [90m210 ms - 12[39m
[38;5;0m[HTTP][0m [90m[39m
[38;5;0m[HTTP][0m [37m-->[39m [37mPOST[39m [37m/wd/hub/session/5039be90-0de1-4e76-8b38-38c545e2c839/elements[39m
[38;5;0m[HTTP][0m [90m{"using":"xpath","value":"//*[@class = 'android.widget.Button' and (@text = 'PROCESS CHECKOUT' or . = 'PROCESS CHECKOUT') and @resource-id = 'com.solodroid.solomerce:id/btn_submit_order']"}[39m
[38;5;0m[HTTP][0m [37m<-- POST /wd/hub/session/5039be90-0de1-4e76-8b38-38c545e2c839/elements [39m[32m200[39m [90m362 ms - 12[39m
[38;5;0m[HTTP][0m [90m[39m
[38;5;0m[HTTP][0m [37m-->[39m [37mPOST[39m [37m/wd/hub/session/5039be90-0de1-4e76-8b38-38c545e2c839/elements[39m
[38;5;0m[HTTP][0m [90m{"using":"xpath","value":"//*[@class = 'android.widget.Button' and (@text = 'PROCESS CHECKOUT' or . = 'PROCESS CHECKOUT') and @resource-id = 'com.solodroid.solomerce:id/btn_submit_order']"}[39m
[38;5;0m[HTTP][0m [37m<-- POST /wd/hub/session/5039be90-0de1-4e76-8b38-38c545e2c839/elements [39m[32m200[39m [90m1385 ms - 139[39m
[38;5;0m[HTTP][0m [90m[39m
[38;5;0m[HTTP][0m [37m-->[39m [37mGET[39m [37m/wd/hub/session/5039be90-0de1-4e76-8b38-38c545e2c839/element/00000000-0000-0021-ffff-ffff000001cb/location[39m
[38;5;0m[HTTP][0m [90m{}[39m
[38;5;48m[AndroidUiautomator2Driver@b6db (5039be90)][0m Driver proxy active, passing request on via HTTP proxy
[38;5;48m[AndroidUiautomator2Driver@b6db (5039be90)][0m Replacing sessionId dabd04ff-6ac4-4815-af8f-fafb2c488637 with 5039be90-0de1-4e76-8b38-38c545e2c839
[38;5;0m[HTTP][0m [37m<-- GET /wd/hub/session/5039be90-0de1-4e76-8b38-38c545e2c839/element/00000000-0000-0021-ffff-ffff000001cb/location [39m[32m200[39m [90m22 ms - 77[39m
[38;5;0m[HTTP][0m [90m[39m
[38;5;0m[HTTP][0m [37m-->[39m [37mPOST[39m [37m/wd/hub/session/5039be90-0de1-4e76-8b38-38c545e2c839/timeouts[39m
[38;5;0m[HTTP][0m [90m{"implicit":30000}[39m
[38;5;0m[HTTP][0m [37m<-- POST /wd/hub/session/5039be90-0de1-4e76-8b38-38c545e2c839/timeouts [39m[32m200[39m [90m1 ms - 14[39m
[38;5;0m[HTTP][0m [90m[39m
[38;5;0m[HTTP][0m [37m-->[39m [37mPOST[39m [37m/wd/hub/session/5039be90-0de1-4e76-8b38-38c545e2c839/element/00000000-0000-0021-ffff-ffff000001cb/click[39m
[38;5;0m[HTTP][0m [90m{"id":"00000000-0000-0021-ffff-ffff000001cb"}[39m
[38;5;0m[HTTP][0m [37m<-- POST /wd/hub/session/5039be90-0de1-4e76-8b38-38c545e2c839/element/00000000-0000-0021-ffff-ffff000001cb/click [39m[32m200[39m [90m74 ms - 14[39m
[38;5;0m[HTTP][0m [90m[39m
[38;5;0m[HTTP][0m [37m-->[39m [37mPOST[39m [37m/wd/hub/session/5039be90-0de1-4e76-8b38-38c545e2c839/timeouts[39m
[38;5;0m[HTTP][0m [90m{"implicit":50}[39m
[38;5;0m[HTTP][0m [37m<-- POST /wd/hub/session/5039be90-0de1-4e76-8b38-38c545e2c839/timeouts [39m[32m200[39m [90m2 ms - 14[39m
[38;5;0m[HTTP][0m [90m[39m
[38;5;0m[HTTP][0m [37m-->[39m [37mGET[39m [37m/wd/hub/session/5039be90-0de1-4e76-8b38-38c545e2c839/window/rect[39m
[38;5;0m[HTTP][0m [90m{}[39m
[38;5;0m[HTTP][0m [37m<-- GET /wd/hub/session/5039be90-0de1-4e76-8b38-38c545e2c839/window/rect [39m[32m200[39m [90m24 ms - 50[39m
[38;5;0m[HTTP][0m [90m[39m
[38;5;0m[HTTP][0m [37m-->[39m [37mPOST[39m [37m/wd/hub/session/5039be90-0de1-4e76-8b38-38c545e2c839/elements[39m
[38;5;0m[HTTP][0m [90m{"using":"xpath","value":"//*[@class = 'android.widget.Button' and (@text = 'YES' or . = 'YES') and @resource-id = 'android:id/button1']"}[39m
[38;5;0m[HTTP][0m [37m<-- POST /wd/hub/session/5039be90-0de1-4e76-8b38-38c545e2c839/elements [39m[32m200[39m [90m208 ms - 12[39m
[38;5;0m[HTTP][0m [90m[39m
[38;5;0m[HTTP][0m [37m-->[39m [37mPOST[39m [37m/wd/hub/session/5039be90-0de1-4e76-8b38-38c545e2c839/elements[39m
[38;5;0m[HTTP][0m [90m{"using":"xpath","value":"//*[@class = 'android.widget.Button' and (@text = 'YES' or . = 'YES') and @resource-id = 'android:id/button1']"}[39m
[38;5;0m[HTTP][0m [37m<-- POST /wd/hub/session/5039be90-0de1-4e76-8b38-38c545e2c839/elements [39m[32m200[39m [90m809 ms - 139[39m
[38;5;0m[HTTP][0m [90m[39m
[38;5;0m[HTTP][0m [37m-->[39m [37mGET[39m [37m/wd/hub/session/5039be90-0de1-4e76-8b38-38c545e2c839/element/00000000-0000-0022-ffff-ffff000001e5/location[39m
[38;5;0m[HTTP][0m [90m{}[39m
[38;5;48m[AndroidUiautomator2Driver@b6db (5039be90)][0m Driver proxy active, passing request on via HTTP proxy
[38;5;48m[AndroidUiautomator2Driver@b6db (5039be90)][0m Replacing sessionId dabd04ff-6ac4-4815-af8f-fafb2c488637 with 5039be90-0de1-4e76-8b38-38c545e2c839
[38;5;0m[HTTP][0m [37m<-- GET /wd/hub/session/5039be90-0de1-4e76-8b38-38c545e2c839/element/00000000-0000-0022-ffff-ffff000001e5/location [39m[32m200[39m [90m720 ms - 79[39m
[38;5;0m[HTTP][0m [90m[39m
[38;5;0m[HTTP][0m [37m-->[39m [37mPOST[39m [37m/wd/hub/session/5039be90-0de1-4e76-8b38-38c545e2c839/timeouts[39m
[38;5;0m[HTTP][0m [90m{"implicit":30000}[39m
[38;5;0m[HTTP][0m [37m<-- POST /wd/hub/session/5039be90-0de1-4e76-8b38-38c545e2c839/timeouts [39m[32m200[39m [90m1 ms - 14[39m
[38;5;0m[HTTP][0m [90m[39m
[38;5;0m[HTTP][0m [37m-->[39m [37mPOST[39m [37m/wd/hub/session/5039be90-0de1-4e76-8b38-38c545e2c839/element/00000000-0000-0022-ffff-ffff000001e5/click[39m
[38;5;0m[HTTP][0m [90m{"id":"00000000-0000-0022-ffff-ffff000001e5"}[39m
[38;5;0m[HTTP][0m [37m<-- POST /wd/hub/session/5039be90-0de1-4e76-8b38-38c545e2c839/element/00000000-0000-0022-ffff-ffff000001e5/click [39m[32m200[39m [90m980 ms - 14[39m
[38;5;0m[HTTP][0m [90m[39m
[38;5;0m[HTTP][0m [37m-->[39m [37mGET[39m [37m/wd/hub/session/5039be90-0de1-4e76-8b38-38c545e2c839/context[39m
[38;5;0m[HTTP][0m [90m{}[39m
[38;5;0m[HTTP][0m [37m<-- GET /wd/hub/session/5039be90-0de1-4e76-8b38-38c545e2c839/context [39m[32m200[39m [90m1 ms - 22[39m
[38;5;0m[HTTP][0m [90m[39m
[38;5;0m[HTTP][0m [37m-->[39m [37mGET[39m [37m/wd/hub/session/5039be90-0de1-4e76-8b38-38c545e2c839/contexts[39m
[38;5;0m[HTTP][0m [90m{}[39m
[38;5;0m[HTTP][0m [37m<-- GET /wd/hub/session/5039be90-0de1-4e76-8b38-38c545e2c839/contexts [39m[32m200[39m [90m380 ms - 58[39m
[38;5;0m[HTTP][0m [90m[39m
[38;5;0m[HTTP][0m [37m-->[39m [37mPOST[39m [37m/wd/hub/session/5039be90-0de1-4e76-8b38-38c545e2c839/context[39m
[38;5;0m[HTTP][0m [90m{"name":"NATIVE_APP"}[39m
[38;5;0m[HTTP][0m [37m<-- POST /wd/hub/session/5039be90-0de1-4e76-8b38-38c545e2c839/context [39m[32m200[39m [90m1 ms - 14[39m
[38;5;0m[HTTP][0m [90m[39m
[38;5;0m[HTTP][0m [37m-->[39m [37mGET[39m [37m/wd/hub/session/5039be90-0de1-4e76-8b38-38c545e2c839/appium/device/current_package[39m
[38;5;0m[HTTP][0m [90m{}[39m
[38;5;0m[HTTP][0m [37m<-- GET /wd/hub/session/5039be90-0de1-4e76-8b38-38c545e2c839/appium/device/current_package [39m[32m200[39m [90m60 ms - 35[39m
[38;5;0m[HTTP][0m [90m[39m
[38;5;0m[HTTP][0m [37m-->[39m [37mPOST[39m [37m/wd/hub/session/5039be90-0de1-4e76-8b38-38c545e2c839/appium/device/terminate_app[39m
[38;5;0m[HTTP][0m [90m{"bundleId":"com.solodroid.solomerce"}[39m
[38;5;48m[AndroidUiautomator2Driver@b6db (5039be90)][0m Terminating 'com.solodroid.solomerce'
[38;5;48m[AndroidUiautomator2Driver@b6db (5039be90)][0m Querying the state of 'com.solodroid.solomerce'
[38;5;48m[AndroidUiautomator2Driver@b6db (5039be90)][0m 'com.solodroid.solomerce' has been successfully terminated
[38;5;0m[HTTP][0m [37m<-- POST /wd/hub/session/5039be90-0de1-4e76-8b38-38c545e2c839/appium/device/terminate_app [39m[32m200[39m [90m597 ms - 14[39m
[38;5;0m[HTTP][0m [90m[39m
[38;5;0m[HTTP][0m [37m-->[39m [37mPOST[39m [37m/wd/hub/session/5039be90-0de1-4e76-8b38-38c545e2c839/context[39m
[38;5;0m[HTTP][0m [90m{"name":"NATIVE_APP"}[39m
[38;5;0m[HTTP][0m [37m<-- POST /wd/hub/session/5039be90-0de1-4e76-8b38-38c545e2c839/context [39m[32m200[39m [90m1 ms - 14[39m
[38;5;0m[HTTP][0m [90m[39m
[38;5;0m[HTTP][0m [37m-->[39m [37mDELETE[39m [37m/wd/hub/session/5039be90-0de1-4e76-8b38-38c545e2c839[39m
[38;5;0m[HTTP][0m [90m{}[39m
[38;5;16m[AppiumDriver@edf6][0m Removing session 5039be90-0de1-4e76-8b38-38c545e2c839 from our master session list
[38;5;64m[ADB][0m com.solodroid.solomerce was successfully uninstalled
[38;5;48m[AndroidUiautomator2Driver@b6db (5039be90)][0m Restoring hidden api policy to the device default configuration
[38;5;0m[HTTP][0m [37m<-- DELETE /wd/hub/session/5039be90-0de1-4e76-8b38-38c545e2c839 [39m[32m200[39m [90m1209 ms - 14[39m
[38;5;0m[HTTP][0m [90m[39m
