[35m[Appium][39m Welcome to Appium v2.5.0
[35m[Appium][39m Non-default server args:
[35m[Appium][39m { basePath: [32m'/wd/hub'[39m, loglevel: [32m'info'[39m, port: [33m7000[39m }
[35m[Appium][39m Attempting to load driver uiautomator2...
[35m[Appium][39m Appium REST http interface listener started on http://0.0.0.0:7000/wd/hub
[35m[Appium][39m You can provide the following URLs in your client code to connect to this server:
[35m[Appium][39m 	http://172.16.213.207:7000/wd/hub
[35m[Appium][39m 	http://127.0.0.1:7000/wd/hub (only accessible from the same host)
[35m[Appium][39m Available drivers:
[35m[Appium][39m   - uiautomator2@3.0.0 (automationName 'UiAutomator2')
[35m[Appium][39m No plugins have been installed. Use the "appium plugin" command to install the one(s) you want to use.
[38;5;0m[HTTP][0m [37m-->[39m [37mGET[39m [37m/wd/hub/status[39m
[38;5;0m[HTTP][0m [90m{}[39m
[38;5;0m[HTTP][0m [37m<-- GET /wd/hub/status [39m[32m200[39m [90m5 ms - 110[39m
[38;5;0m[HTTP][0m [90m[39m
[38;5;0m[HTTP][0m [37m-->[39m [37mPOST[39m [37m/wd/hub/session[39m
[38;5;0m[HTTP][0m [90m{"desiredCapabilities":{"appium:systemPort":6999,"appium:newCommandTimeout":1800,"appium:automationName":"uiautomator2","appium:fullReset":true,"appium:platformVersion":"14","appium:noReset":false,"appium:udid":"emulator-5556","appium:autoGrantPermissions":true,"appium:platformName":"ANDROID","appium:deviceName":"emulator-5556 (sdk_gphone64_x86_64 - Android 14)","platformName":"Android","appium:app":"C:\\Users\\asus\\Downloads\\Documents\\Compressed\\Android-Solodroid_E-CommerceApp Demo_3.2.0.apk\\Solodroid_E-CommerceApp Demo_3.2.0.apk"},"capabilities":{"firstMatch":[{"appium:app":"C:\\Users\\asus\\Downloads\\Documents\\Compressed\\Android-Solodroid_E-CommerceApp Demo_3.2.0.apk\\Solodroid_E-CommerceApp Demo_3.2.0.apk","appium:autoGrantPermissions":true,"appium:automationName":"uiautomator2","appium:deviceName":"emulator-5556 (sdk_gphone64_x86_64 - Android 14)","appium:fullReset":true,"appium:newCommandTimeout":1800,"appium:noReset":false,"appium:platformName":"ANDROID","appium:platformVersion":"14","appium...[39m
[38;5;32m[BaseDriver][0m Ignoring capability 'appium:platformName=ANDROID' and using capability 'platformName=android'
[38;5;32m[BaseDriver][0m The capabilities ["platformName"] are standard capabilities and do not require "appium:" prefix
[35m[Appium][39m Attempting to find matching driver for automationName 'uiautomator2' and platformName 'android'
[35m[Appium][39m The 'uiautomator2' driver was installed and matched caps.
[35m[Appium][39m Will require it at C:\Users\asus\.appium\node_modules\appium-uiautomator2-driver
[38;5;16m[AppiumDriver@3bc0][0m Appium v2.5.0 creating new AndroidUiautomator2Driver (v3.0.0) session
[38;5;16m[AppiumDriver@3bc0][0m Checking BaseDriver versions for Appium and AndroidUiautomator2Driver
[38;5;16m[AppiumDriver@3bc0][0m Appium's BaseDriver version is 9.5.1
[38;5;16m[AppiumDriver@3bc0][0m AndroidUiautomator2Driver's BaseDriver version is 9.5.1
[38;5;48m[AndroidUiautomator2Driver@2d08 (c3393f22)][0m Session created with session id: c3393f22-4dce-4a83-a721-5f78186c3464
[38;5;64m[ADB][0m Found 1 'build-tools' folders under 'C:\Users\asus\.katalon\tools\android_sdk' (newest first):
[38;5;64m[ADB][0m     C:\Users\asus\.katalon\tools\android_sdk\build-tools\29.0.3
[38;5;64m[ADB][0m Using 'adb.exe' from 'C:\Users\asus\.katalon\tools\android_sdk\platform-tools\adb.exe'
[38;5;48m[AndroidUiautomator2Driver@2d08 (c3393f22)][0m Retrieving device list
[38;5;48m[AndroidUiautomator2Driver@2d08 (c3393f22)][0m Using device: emulator-5556
[38;5;64m[ADB][0m Using 'adb.exe' from 'C:\Users\asus\.katalon\tools\android_sdk\platform-tools\adb.exe'
[38;5;32m[BaseDriver][0m Using local app 'C:\Users\asus\Downloads\Documents\Compressed\Android-Solodroid_E-CommerceApp Demo_3.2.0.apk\Solodroid_E-CommerceApp Demo_3.2.0.apk'
[38;5;64m[ADB][0m Getting device platform version
[38;5;48m[AndroidUiautomator2Driver@2d08 (c3393f22)][0m Relaxing hidden api policy
[38;5;64m[ADB][0m Package name: 'com.solodroid.solomerce'
[38;5;64m[ADB][0m Main activity name: 'com.solodroid.solomerce.activities.ActivitySplash'
[38;5;64m[ADB][0m Using 'apksigner.jar' from 'C:\Users\asus\.katalon\tools\android_sdk\build-tools\29.0.3\lib\apksigner.jar'
[38;5;64m[ADB][0m 'C:\Users\asus\.appium\node_modules\appium-uiautomator2-driver\node_modules\appium-uiautomator2-server\apks\appium-uiautomator2-server-debug-androidTest.apk' is signed with the default certificate
[38;5;64m[ADB][0m 'C:\Users\asus\Downloads\Documents\Compressed\Android-Solodroid_E-CommerceApp Demo_3.2.0.apk\Solodroid_E-CommerceApp Demo_3.2.0.apk' is signed with a non-default certificate
[38;5;64m[ADB][0m com.solodroid.solomerce was not uninstalled, because it was not present on the device
[38;5;64m[ADB][0m The application at 'C:\Users\asus\Downloads\Documents\Compressed\Android-Solodroid_E-CommerceApp Demo_3.2.0.apk\Solodroid_E-CommerceApp Demo_3.2.0.apk' will not be cached, because the device under test has confirmed the support of streamed installs
[38;5;64m[ADB][0m 'C:\Users\asus\.appium\node_modules\appium-uiautomator2-driver\node_modules\appium-uiautomator2-server\apks\appium-uiautomator2-server-v7.0.0.apk' is signed with the default certificate
[38;5;48m[AndroidUiautomator2Driver@2d08 (c3393f22)][0m Server packages are not going to be (re)installed
[38;5;64m[ADB][0m Adding packages ["io.appium.settings","io.appium.uiautomator2.server","io.appium.uiautomator2.server.test"] to Doze whitelist
[38;5;64m[ADB][0m The installation of 'Solodroid_E-CommerceApp Demo_3.2.0.apk' took 1546ms
[38;5;48m[AndroidUiautomator2Driver@2d08 (c3393f22)][0m Starting UIAutomator2 server 7.0.0
[38;5;48m[AndroidUiautomator2Driver@2d08 (c3393f22)][0m Using UIAutomator2 server from 'C:\Users\asus\.appium\node_modules\appium-uiautomator2-driver\node_modules\appium-uiautomator2-server\apks\appium-uiautomator2-server-v7.0.0.apk' and test from 'C:\Users\asus\.appium\node_modules\appium-uiautomator2-driver\node_modules\appium-uiautomator2-server\apks\appium-uiautomator2-server-debug-androidTest.apk'
[38;5;48m[AndroidUiautomator2Driver@2d08 (c3393f22)][0m Waiting up to 30000ms for UiAutomator2 to be online...
[38;5;48m[AndroidUiautomator2Driver@2d08 (c3393f22)][0m socket hang up
[38;5;48m[AndroidUiautomator2Driver@2d08 (c3393f22)][0m socket hang up
[38;5;48m[AndroidUiautomator2Driver@2d08 (c3393f22)][0m socket hang up
[38;5;48m[AndroidUiautomator2Driver@2d08 (c3393f22)][0m Determined the downstream protocol as 'W3C'
[38;5;48m[AndroidUiautomator2Driver@2d08 (c3393f22)][0m Screen already unlocked, doing nothing
[38;5;48m[AndroidUiautomator2Driver@2d08 (c3393f22)][0m Starting 'com.solodroid.solomerce/com.solodroid.solomerce.activities.ActivitySplash and waiting for 'com.solodroid.solomerce/com.solodroid.solomerce.activities.ActivitySplash'
[38;5;16m[AppiumDriver@3bc0][0m New AndroidUiautomator2Driver session created successfully, session c3393f22-4dce-4a83-a721-5f78186c3464 added to master session list
[38;5;0m[HTTP][0m [37m<-- POST /wd/hub/session [39m[32m200[39m [90m8992 ms - 1398[39m
[38;5;0m[HTTP][0m [90m[39m
[38;5;0m[HTTP][0m [37m-->[39m [37mGET[39m [37m/wd/hub/session/c3393f22-4dce-4a83-a721-5f78186c3464[39m
[38;5;0m[HTTP][0m [90m{}[39m
[38;5;0m[HTTP][0m [37m<-- GET /wd/hub/session/c3393f22-4dce-4a83-a721-5f78186c3464 [39m[32m200[39m [90m37 ms - 450[39m
[38;5;0m[HTTP][0m [90m[39m
[38;5;0m[HTTP][0m [37m-->[39m [37mGET[39m [37m/wd/hub/session/c3393f22-4dce-4a83-a721-5f78186c3464[39m
[38;5;0m[HTTP][0m [90m{}[39m
[38;5;0m[HTTP][0m [37m<-- GET /wd/hub/session/c3393f22-4dce-4a83-a721-5f78186c3464 [39m[32m200[39m [90m40 ms - 450[39m
[38;5;0m[HTTP][0m [90m[39m
[38;5;0m[HTTP][0m [37m-->[39m [37mGET[39m [37m/wd/hub/status[39m
[38;5;0m[HTTP][0m [90m{}[39m
[38;5;0m[HTTP][0m [37m<-- GET /wd/hub/status [39m[32m200[39m [90m1 ms - 110[39m
[38;5;0m[HTTP][0m [90m[39m
[38;5;0m[HTTP][0m [37m-->[39m [37mPOST[39m [37m/wd/hub/session/c3393f22-4dce-4a83-a721-5f78186c3464/timeouts[39m
[38;5;0m[HTTP][0m [90m{"implicit":30000}[39m
[38;5;0m[HTTP][0m [37m<-- POST /wd/hub/session/c3393f22-4dce-4a83-a721-5f78186c3464/timeouts [39m[32m200[39m [90m4 ms - 14[39m
[38;5;0m[HTTP][0m [90m[39m
[38;5;0m[HTTP][0m [37m-->[39m [37mGET[39m [37m/wd/hub/session/c3393f22-4dce-4a83-a721-5f78186c3464/appium/device/system_bars[39m
[38;5;0m[HTTP][0m [90m{}[39m
[38;5;0m[HTTP][0m [37m<-- GET /wd/hub/session/c3393f22-4dce-4a83-a721-5f78186c3464/appium/device/system_bars [39m[32m200[39m [90m134 ms - 152[39m
[38;5;0m[HTTP][0m [90m[39m
[38;5;0m[HTTP][0m [37m-->[39m [37mPOST[39m [37m/wd/hub/session/c3393f22-4dce-4a83-a721-5f78186c3464/timeouts[39m
[38;5;0m[HTTP][0m [90m{"implicit":50}[39m
[38;5;0m[HTTP][0m [37m<-- POST /wd/hub/session/c3393f22-4dce-4a83-a721-5f78186c3464/timeouts [39m[32m200[39m [90m2 ms - 14[39m
[38;5;0m[HTTP][0m [90m[39m
[38;5;0m[HTTP][0m [37m-->[39m [37mGET[39m [37m/wd/hub/session/c3393f22-4dce-4a83-a721-5f78186c3464/window/rect[39m
[38;5;0m[HTTP][0m [90m{}[39m
[38;5;0m[HTTP][0m [37m<-- GET /wd/hub/session/c3393f22-4dce-4a83-a721-5f78186c3464/window/rect [39m[32m200[39m [90m41 ms - 50[39m
[38;5;0m[HTTP][0m [90m[39m
[38;5;0m[HTTP][0m [37m-->[39m [37mPOST[39m [37m/wd/hub/session/c3393f22-4dce-4a83-a721-5f78186c3464/elements[39m
[38;5;0m[HTTP][0m [90m{"using":"xpath","value":"//*[@class = 'android.widget.FrameLayout' and @resource-id = 'com.solodroid.solomerce:id/nav_category' and (@text = '' or . = '')]"}[39m
[38;5;0m[HTTP][0m [37m<-- POST /wd/hub/session/c3393f22-4dce-4a83-a721-5f78186c3464/elements [39m[32m200[39m [90m3253 ms - 139[39m
[38;5;0m[HTTP][0m [90m[39m
[38;5;0m[HTTP][0m [37m-->[39m [37mGET[39m [37m/wd/hub/session/c3393f22-4dce-4a83-a721-5f78186c3464/element/00000000-0000-022b-ffff-ffff00000020/location[39m
[38;5;0m[HTTP][0m [90m{}[39m
[38;5;48m[AndroidUiautomator2Driver@2d08 (c3393f22)][0m Driver proxy active, passing request on via HTTP proxy
[38;5;48m[AndroidUiautomator2Driver@2d08 (c3393f22)][0m Replacing sessionId ab229280-02ad-4aef-b476-4b6b20afd11e with c3393f22-4dce-4a83-a721-5f78186c3464
[38;5;0m[HTTP][0m [37m<-- GET /wd/hub/session/c3393f22-4dce-4a83-a721-5f78186c3464/element/00000000-0000-022b-ffff-ffff00000020/location [39m[32m200[39m [90m2638 ms - 79[39m
[38;5;0m[HTTP][0m [90m[39m
[38;5;0m[HTTP][0m [37m-->[39m [37mPOST[39m [37m/wd/hub/session/c3393f22-4dce-4a83-a721-5f78186c3464/timeouts[39m
[38;5;0m[HTTP][0m [90m{"implicit":30000}[39m
[38;5;0m[HTTP][0m [37m<-- POST /wd/hub/session/c3393f22-4dce-4a83-a721-5f78186c3464/timeouts [39m[32m200[39m [90m1 ms - 14[39m
[38;5;0m[HTTP][0m [90m[39m
[38;5;0m[HTTP][0m [37m-->[39m [37mPOST[39m [37m/wd/hub/session/c3393f22-4dce-4a83-a721-5f78186c3464/element/00000000-0000-022b-ffff-ffff00000020/click[39m
[38;5;0m[HTTP][0m [90m{"id":"00000000-0000-022b-ffff-ffff00000020"}[39m
[38;5;0m[HTTP][0m [37m<-- POST /wd/hub/session/c3393f22-4dce-4a83-a721-5f78186c3464/element/00000000-0000-022b-ffff-ffff00000020/click [39m[32m200[39m [90m921 ms - 14[39m
[38;5;0m[HTTP][0m [90m[39m
[38;5;0m[HTTP][0m [37m-->[39m [37mPOST[39m [37m/wd/hub/session/c3393f22-4dce-4a83-a721-5f78186c3464/timeouts[39m
[38;5;0m[HTTP][0m [90m{"implicit":50}[39m
[38;5;0m[HTTP][0m [37m<-- POST /wd/hub/session/c3393f22-4dce-4a83-a721-5f78186c3464/timeouts [39m[32m200[39m [90m2 ms - 14[39m
[38;5;0m[HTTP][0m [90m[39m
[38;5;0m[HTTP][0m [37m-->[39m [37mGET[39m [37m/wd/hub/session/c3393f22-4dce-4a83-a721-5f78186c3464/window/rect[39m
[38;5;0m[HTTP][0m [90m{}[39m
[38;5;0m[HTTP][0m [37m<-- GET /wd/hub/session/c3393f22-4dce-4a83-a721-5f78186c3464/window/rect [39m[32m200[39m [90m32 ms - 50[39m
[38;5;0m[HTTP][0m [90m[39m
[38;5;0m[HTTP][0m [37m-->[39m [37mPOST[39m [37m/wd/hub/session/c3393f22-4dce-4a83-a721-5f78186c3464/elements[39m
[38;5;0m[HTTP][0m [90m{"using":"xpath","value":"//hierarchy/android.widget.FrameLayout[1]/android.widget.LinearLayout[1]/android.widget.FrameLayout[1]/android.widget.LinearLayout[1]/android.widget.FrameLayout[1]/android.widget.RelativeLayout[1]/android.view.ViewGroup[1]/androidx.viewpager.widget.ViewPager[1]/android.widget.LinearLayout[1]/android.view.ViewGroup[1]/androidx.recyclerview.widget.RecyclerView[1]/android.widget.FrameLayout[2]/android.widget.RelativeLayout[1]"}[39m
[38;5;0m[HTTP][0m [37m<-- POST /wd/hub/session/c3393f22-4dce-4a83-a721-5f78186c3464/elements [39m[32m200[39m [90m205 ms - 139[39m
[38;5;0m[HTTP][0m [90m[39m
[38;5;0m[HTTP][0m [37m-->[39m [37mGET[39m [37m/wd/hub/session/c3393f22-4dce-4a83-a721-5f78186c3464/element/00000000-0000-022b-ffff-ffff0000008e/location[39m
[38;5;0m[HTTP][0m [90m{}[39m
[38;5;48m[AndroidUiautomator2Driver@2d08 (c3393f22)][0m Driver proxy active, passing request on via HTTP proxy
[38;5;48m[AndroidUiautomator2Driver@2d08 (c3393f22)][0m Replacing sessionId ab229280-02ad-4aef-b476-4b6b20afd11e with c3393f22-4dce-4a83-a721-5f78186c3464
[38;5;0m[HTTP][0m [37m<-- GET /wd/hub/session/c3393f22-4dce-4a83-a721-5f78186c3464/element/00000000-0000-022b-ffff-ffff0000008e/location [39m[32m200[39m [90m26 ms - 77[39m
[38;5;0m[HTTP][0m [90m[39m
[38;5;0m[HTTP][0m [37m-->[39m [37mPOST[39m [37m/wd/hub/session/c3393f22-4dce-4a83-a721-5f78186c3464/timeouts[39m
[38;5;0m[HTTP][0m [90m{"implicit":30000}[39m
[38;5;0m[HTTP][0m [37m<-- POST /wd/hub/session/c3393f22-4dce-4a83-a721-5f78186c3464/timeouts [39m[32m200[39m [90m1 ms - 14[39m
[38;5;0m[HTTP][0m [90m[39m
[38;5;0m[HTTP][0m [37m-->[39m [37mPOST[39m [37m/wd/hub/session/c3393f22-4dce-4a83-a721-5f78186c3464/element/00000000-0000-022b-ffff-ffff0000008e/click[39m
[38;5;0m[HTTP][0m [90m{"id":"00000000-0000-022b-ffff-ffff0000008e"}[39m
[38;5;0m[HTTP][0m [37m<-- POST /wd/hub/session/c3393f22-4dce-4a83-a721-5f78186c3464/element/00000000-0000-022b-ffff-ffff0000008e/click [39m[32m200[39m [90m3060 ms - 14[39m
[38;5;0m[HTTP][0m [90m[39m
[38;5;0m[HTTP][0m [37m-->[39m [37mPOST[39m [37m/wd/hub/session/c3393f22-4dce-4a83-a721-5f78186c3464/timeouts[39m
[38;5;0m[HTTP][0m [90m{"implicit":50}[39m
[38;5;0m[HTTP][0m [37m<-- POST /wd/hub/session/c3393f22-4dce-4a83-a721-5f78186c3464/timeouts [39m[32m200[39m [90m1 ms - 14[39m
[38;5;0m[HTTP][0m [90m[39m
[38;5;0m[HTTP][0m [37m-->[39m [37mGET[39m [37m/wd/hub/session/c3393f22-4dce-4a83-a721-5f78186c3464/window/rect[39m
[38;5;0m[HTTP][0m [90m{}[39m
[38;5;0m[HTTP][0m [37m<-- GET /wd/hub/session/c3393f22-4dce-4a83-a721-5f78186c3464/window/rect [39m[32m200[39m [90m18 ms - 50[39m
[38;5;0m[HTTP][0m [90m[39m
[38;5;0m[HTTP][0m [37m-->[39m [37mPOST[39m [37m/wd/hub/session/c3393f22-4dce-4a83-a721-5f78186c3464/elements[39m
[38;5;0m[HTTP][0m [90m{"using":"xpath","value":"//hierarchy/android.widget.FrameLayout[1]/android.widget.LinearLayout[1]/android.widget.FrameLayout[1]/android.widget.LinearLayout[1]/android.widget.FrameLayout[1]/android.widget.LinearLayout[1]/android.view.ViewGroup[2]/androidx.recyclerview.widget.RecyclerView[1]/android.widget.FrameLayout[3]/android.widget.RelativeLayout[1]/android.view.ViewGroup[1]/android.widget.ImageView[1]"}[39m
[38;5;0m[HTTP][0m [37m<-- POST /wd/hub/session/c3393f22-4dce-4a83-a721-5f78186c3464/elements [39m[32m200[39m [90m311 ms - 139[39m
[38;5;0m[HTTP][0m [90m[39m
[38;5;0m[HTTP][0m [37m-->[39m [37mGET[39m [37m/wd/hub/session/c3393f22-4dce-4a83-a721-5f78186c3464/element/00000000-0000-022c-ffff-ffff000000e1/location[39m
[38;5;0m[HTTP][0m [90m{}[39m
[38;5;48m[AndroidUiautomator2Driver@2d08 (c3393f22)][0m Driver proxy active, passing request on via HTTP proxy
[38;5;48m[AndroidUiautomator2Driver@2d08 (c3393f22)][0m Replacing sessionId ab229280-02ad-4aef-b476-4b6b20afd11e with c3393f22-4dce-4a83-a721-5f78186c3464
[38;5;0m[HTTP][0m [37m<-- GET /wd/hub/session/c3393f22-4dce-4a83-a721-5f78186c3464/element/00000000-0000-022c-ffff-ffff000000e1/location [39m[32m200[39m [90m395 ms - 78[39m
[38;5;0m[HTTP][0m [90m[39m
[38;5;0m[HTTP][0m [37m-->[39m [37mPOST[39m [37m/wd/hub/session/c3393f22-4dce-4a83-a721-5f78186c3464/timeouts[39m
[38;5;0m[HTTP][0m [90m{"implicit":30000}[39m
[38;5;0m[HTTP][0m [37m<-- POST /wd/hub/session/c3393f22-4dce-4a83-a721-5f78186c3464/timeouts [39m[32m200[39m [90m1 ms - 14[39m
[38;5;0m[HTTP][0m [90m[39m
[38;5;0m[HTTP][0m [37m-->[39m [37mPOST[39m [37m/wd/hub/session/c3393f22-4dce-4a83-a721-5f78186c3464/element/00000000-0000-022c-ffff-ffff000000e1/click[39m
[38;5;0m[HTTP][0m [90m{"id":"00000000-0000-022c-ffff-ffff000000e1"}[39m
[38;5;0m[HTTP][0m [37m<-- POST /wd/hub/session/c3393f22-4dce-4a83-a721-5f78186c3464/element/00000000-0000-022c-ffff-ffff000000e1/click [39m[32m200[39m [90m94 ms - 14[39m
[38;5;0m[HTTP][0m [90m[39m
[38;5;0m[HTTP][0m [37m-->[39m [37mPOST[39m [37m/wd/hub/session/c3393f22-4dce-4a83-a721-5f78186c3464/timeouts[39m
[38;5;0m[HTTP][0m [90m{"implicit":50}[39m
[38;5;0m[HTTP][0m [37m<-- POST /wd/hub/session/c3393f22-4dce-4a83-a721-5f78186c3464/timeouts [39m[32m200[39m [90m1 ms - 14[39m
[38;5;0m[HTTP][0m [90m[39m
[38;5;0m[HTTP][0m [37m-->[39m [37mGET[39m [37m/wd/hub/session/c3393f22-4dce-4a83-a721-5f78186c3464/window/rect[39m
[38;5;0m[HTTP][0m [90m{}[39m
[38;5;0m[HTTP][0m [37m<-- GET /wd/hub/session/c3393f22-4dce-4a83-a721-5f78186c3464/window/rect [39m[32m200[39m [90m18 ms - 50[39m
[38;5;0m[HTTP][0m [90m[39m
[38;5;0m[HTTP][0m [37m-->[39m [37mPOST[39m [37m/wd/hub/session/c3393f22-4dce-4a83-a721-5f78186c3464/elements[39m
[38;5;0m[HTTP][0m [90m{"using":"xpath","value":"//*[@class = 'android.widget.Button' and (@text = 'ADD TO CART' or . = 'ADD TO CART') and @resource-id = 'com.solodroid.solomerce:id/btn_add_cart']"}[39m
[38;5;0m[HTTP][0m [37m<-- POST /wd/hub/session/c3393f22-4dce-4a83-a721-5f78186c3464/elements [39m[32m200[39m [90m354 ms - 12[39m
[38;5;0m[HTTP][0m [90m[39m
[38;5;0m[HTTP][0m [37m-->[39m [37mPOST[39m [37m/wd/hub/session/c3393f22-4dce-4a83-a721-5f78186c3464/elements[39m
[38;5;0m[HTTP][0m [90m{"using":"xpath","value":"//*[@class = 'android.widget.Button' and (@text = 'ADD TO CART' or . = 'ADD TO CART') and @resource-id = 'com.solodroid.solomerce:id/btn_add_cart']"}[39m
[38;5;0m[HTTP][0m [37m<-- POST /wd/hub/session/c3393f22-4dce-4a83-a721-5f78186c3464/elements [39m[32m200[39m [90m2002 ms - 139[39m
[38;5;0m[HTTP][0m [90m[39m
[38;5;0m[HTTP][0m [37m-->[39m [37mGET[39m [37m/wd/hub/session/c3393f22-4dce-4a83-a721-5f78186c3464/element/00000000-0000-022d-ffff-ffff00000110/location[39m
[38;5;0m[HTTP][0m [90m{}[39m
[38;5;48m[AndroidUiautomator2Driver@2d08 (c3393f22)][0m Driver proxy active, passing request on via HTTP proxy
[38;5;48m[AndroidUiautomator2Driver@2d08 (c3393f22)][0m Replacing sessionId ab229280-02ad-4aef-b476-4b6b20afd11e with c3393f22-4dce-4a83-a721-5f78186c3464
[38;5;0m[HTTP][0m [37m<-- GET /wd/hub/session/c3393f22-4dce-4a83-a721-5f78186c3464/element/00000000-0000-022d-ffff-ffff00000110/location [39m[32m200[39m [90m564 ms - 77[39m
[38;5;0m[HTTP][0m [90m[39m
[38;5;0m[HTTP][0m [37m-->[39m [37mPOST[39m [37m/wd/hub/session/c3393f22-4dce-4a83-a721-5f78186c3464/timeouts[39m
[38;5;0m[HTTP][0m [90m{"implicit":30000}[39m
[38;5;0m[HTTP][0m [37m<-- POST /wd/hub/session/c3393f22-4dce-4a83-a721-5f78186c3464/timeouts [39m[32m200[39m [90m1 ms - 14[39m
[38;5;0m[HTTP][0m [90m[39m
[38;5;0m[HTTP][0m [37m-->[39m [37mPOST[39m [37m/wd/hub/session/c3393f22-4dce-4a83-a721-5f78186c3464/element/00000000-0000-022d-ffff-ffff00000110/click[39m
[38;5;0m[HTTP][0m [90m{"id":"00000000-0000-022d-ffff-ffff00000110"}[39m
[38;5;0m[HTTP][0m [37m<-- POST /wd/hub/session/c3393f22-4dce-4a83-a721-5f78186c3464/element/00000000-0000-022d-ffff-ffff00000110/click [39m[32m200[39m [90m107 ms - 14[39m
[38;5;0m[HTTP][0m [90m[39m
[38;5;0m[HTTP][0m [37m-->[39m [37mPOST[39m [37m/wd/hub/session/c3393f22-4dce-4a83-a721-5f78186c3464/timeouts[39m
[38;5;0m[HTTP][0m [90m{"implicit":50}[39m
[38;5;0m[HTTP][0m [37m<-- POST /wd/hub/session/c3393f22-4dce-4a83-a721-5f78186c3464/timeouts [39m[32m200[39m [90m2 ms - 14[39m
[38;5;0m[HTTP][0m [90m[39m
[38;5;0m[HTTP][0m [37m-->[39m [37mGET[39m [37m/wd/hub/session/c3393f22-4dce-4a83-a721-5f78186c3464/window/rect[39m
[38;5;0m[HTTP][0m [90m{}[39m
[38;5;0m[HTTP][0m [37m<-- GET /wd/hub/session/c3393f22-4dce-4a83-a721-5f78186c3464/window/rect [39m[32m200[39m [90m20 ms - 50[39m
[38;5;0m[HTTP][0m [90m[39m
[38;5;0m[HTTP][0m [37m-->[39m [37mPOST[39m [37m/wd/hub/session/c3393f22-4dce-4a83-a721-5f78186c3464/elements[39m
[38;5;0m[HTTP][0m [90m{"using":"xpath","value":"//*[@class = 'android.widget.EditText' and @resource-id = 'com.solodroid.solomerce:id/userInputDialog' and (@text = '' or . = '')]"}[39m
[38;5;0m[HTTP][0m [37m<-- POST /wd/hub/session/c3393f22-4dce-4a83-a721-5f78186c3464/elements [39m[32m200[39m [90m776 ms - 12[39m
[38;5;0m[HTTP][0m [90m[39m
[38;5;0m[HTTP][0m [37m-->[39m [37mPOST[39m [37m/wd/hub/session/c3393f22-4dce-4a83-a721-5f78186c3464/elements[39m
[38;5;0m[HTTP][0m [90m{"using":"xpath","value":"//*[@class = 'android.widget.EditText' and @resource-id = 'com.solodroid.solomerce:id/userInputDialog' and (@text = '' or . = '')]"}[39m
[38;5;0m[HTTP][0m [37m<-- POST /wd/hub/session/c3393f22-4dce-4a83-a721-5f78186c3464/elements [39m[32m200[39m [90m687 ms - 139[39m
[38;5;0m[HTTP][0m [90m[39m
[38;5;0m[HTTP][0m [37m-->[39m [37mGET[39m [37m/wd/hub/session/c3393f22-4dce-4a83-a721-5f78186c3464/element/00000000-0000-022e-ffff-ffff00000129/location[39m
[38;5;0m[HTTP][0m [90m{}[39m
[38;5;48m[AndroidUiautomator2Driver@2d08 (c3393f22)][0m Driver proxy active, passing request on via HTTP proxy
[38;5;48m[AndroidUiautomator2Driver@2d08 (c3393f22)][0m Replacing sessionId ab229280-02ad-4aef-b476-4b6b20afd11e with c3393f22-4dce-4a83-a721-5f78186c3464
[38;5;0m[HTTP][0m [37m<-- GET /wd/hub/session/c3393f22-4dce-4a83-a721-5f78186c3464/element/00000000-0000-022e-ffff-ffff00000129/location [39m[32m200[39m [90m20 ms - 79[39m
[38;5;0m[HTTP][0m [90m[39m
[38;5;0m[HTTP][0m [37m-->[39m [37mPOST[39m [37m/wd/hub/session/c3393f22-4dce-4a83-a721-5f78186c3464/timeouts[39m
[38;5;0m[HTTP][0m [90m{"implicit":30000}[39m
[38;5;0m[HTTP][0m [37m<-- POST /wd/hub/session/c3393f22-4dce-4a83-a721-5f78186c3464/timeouts [39m[32m200[39m [90m1 ms - 14[39m
[38;5;0m[HTTP][0m [90m[39m
[38;5;0m[HTTP][0m [37m-->[39m [37mPOST[39m [37m/wd/hub/session/c3393f22-4dce-4a83-a721-5f78186c3464/element/00000000-0000-022e-ffff-ffff00000129/clear[39m
[38;5;0m[HTTP][0m [90m{"id":"00000000-0000-022e-ffff-ffff00000129"}[39m
[38;5;0m[HTTP][0m [37m<-- POST /wd/hub/session/c3393f22-4dce-4a83-a721-5f78186c3464/element/00000000-0000-022e-ffff-ffff00000129/clear [39m[32m200[39m [90m42 ms - 14[39m
[38;5;0m[HTTP][0m [90m[39m
[38;5;0m[HTTP][0m [37m-->[39m [37mPOST[39m [37m/wd/hub/session/c3393f22-4dce-4a83-a721-5f78186c3464/element/00000000-0000-022e-ffff-ffff00000129/click[39m
[38;5;0m[HTTP][0m [90m{"id":"00000000-0000-022e-ffff-ffff00000129"}[39m
[38;5;0m[HTTP][0m [37m<-- POST /wd/hub/session/c3393f22-4dce-4a83-a721-5f78186c3464/element/00000000-0000-022e-ffff-ffff00000129/click [39m[32m200[39m [90m1852 ms - 14[39m
[38;5;0m[HTTP][0m [90m[39m
[38;5;0m[HTTP][0m [37m-->[39m [37mPOST[39m [37m/wd/hub/session/c3393f22-4dce-4a83-a721-5f78186c3464/element/00000000-0000-022e-ffff-ffff00000129/value[39m
[38;5;0m[HTTP][0m [90m{"id":"00000000-0000-022e-ffff-ffff00000129","text":"2","value":["2"]}[39m
[38;5;0m[HTTP][0m [37m<-- POST /wd/hub/session/c3393f22-4dce-4a83-a721-5f78186c3464/element/00000000-0000-022e-ffff-ffff00000129/value [39m[32m200[39m [90m62 ms - 14[39m
[38;5;0m[HTTP][0m [90m[39m
[38;5;0m[HTTP][0m [37m-->[39m [37mPOST[39m [37m/wd/hub/session/c3393f22-4dce-4a83-a721-5f78186c3464/timeouts[39m
[38;5;0m[HTTP][0m [90m{"implicit":50}[39m
[38;5;0m[HTTP][0m [37m<-- POST /wd/hub/session/c3393f22-4dce-4a83-a721-5f78186c3464/timeouts [39m[32m200[39m [90m2 ms - 14[39m
[38;5;0m[HTTP][0m [90m[39m
[38;5;0m[HTTP][0m [37m-->[39m [37mGET[39m [37m/wd/hub/session/c3393f22-4dce-4a83-a721-5f78186c3464/window/rect[39m
[38;5;0m[HTTP][0m [90m{}[39m
[38;5;0m[HTTP][0m [37m<-- GET /wd/hub/session/c3393f22-4dce-4a83-a721-5f78186c3464/window/rect [39m[32m200[39m [90m98 ms - 50[39m
[38;5;0m[HTTP][0m [90m[39m
[38;5;0m[HTTP][0m [37m-->[39m [37mPOST[39m [37m/wd/hub/session/c3393f22-4dce-4a83-a721-5f78186c3464/elements[39m
[38;5;0m[HTTP][0m [90m{"using":"xpath","value":"//*[@class = 'android.widget.Button' and (@text = 'ADD' or . = 'ADD') and @resource-id = 'android:id/button1']"}[39m
[38;5;0m[HTTP][0m [37m<-- POST /wd/hub/session/c3393f22-4dce-4a83-a721-5f78186c3464/elements [39m[32m200[39m [90m565 ms - 139[39m
[38;5;0m[HTTP][0m [90m[39m
[38;5;0m[HTTP][0m [37m-->[39m [37mGET[39m [37m/wd/hub/session/c3393f22-4dce-4a83-a721-5f78186c3464/element/00000000-0000-022e-ffff-ffff0000012f/location[39m
[38;5;0m[HTTP][0m [90m{}[39m
[38;5;48m[AndroidUiautomator2Driver@2d08 (c3393f22)][0m Driver proxy active, passing request on via HTTP proxy
[38;5;48m[AndroidUiautomator2Driver@2d08 (c3393f22)][0m Replacing sessionId ab229280-02ad-4aef-b476-4b6b20afd11e with c3393f22-4dce-4a83-a721-5f78186c3464
[38;5;0m[HTTP][0m [37m<-- GET /wd/hub/session/c3393f22-4dce-4a83-a721-5f78186c3464/element/00000000-0000-022e-ffff-ffff0000012f/location [39m[32m200[39m [90m19 ms - 78[39m
[38;5;0m[HTTP][0m [90m[39m
[38;5;0m[HTTP][0m [37m-->[39m [37mPOST[39m [37m/wd/hub/session/c3393f22-4dce-4a83-a721-5f78186c3464/timeouts[39m
[38;5;0m[HTTP][0m [90m{"implicit":30000}[39m
[38;5;0m[HTTP][0m [37m<-- POST /wd/hub/session/c3393f22-4dce-4a83-a721-5f78186c3464/timeouts [39m[32m200[39m [90m1 ms - 14[39m
[38;5;0m[HTTP][0m [90m[39m
[38;5;0m[HTTP][0m [37m-->[39m [37mPOST[39m [37m/wd/hub/session/c3393f22-4dce-4a83-a721-5f78186c3464/element/00000000-0000-022e-ffff-ffff0000012f/click[39m
[38;5;0m[HTTP][0m [90m{"id":"00000000-0000-022e-ffff-ffff0000012f"}[39m
[38;5;0m[HTTP][0m [37m<-- POST /wd/hub/session/c3393f22-4dce-4a83-a721-5f78186c3464/element/00000000-0000-022e-ffff-ffff0000012f/click [39m[32m200[39m [90m153 ms - 14[39m
[38;5;0m[HTTP][0m [90m[39m
[38;5;0m[HTTP][0m [37m-->[39m [37mPOST[39m [37m/wd/hub/session/c3393f22-4dce-4a83-a721-5f78186c3464/timeouts[39m
[38;5;0m[HTTP][0m [90m{"implicit":50}[39m
[38;5;0m[HTTP][0m [37m<-- POST /wd/hub/session/c3393f22-4dce-4a83-a721-5f78186c3464/timeouts [39m[32m200[39m [90m1 ms - 14[39m
[38;5;0m[HTTP][0m [90m[39m
[38;5;0m[HTTP][0m [37m-->[39m [37mGET[39m [37m/wd/hub/session/c3393f22-4dce-4a83-a721-5f78186c3464/window/rect[39m
[38;5;0m[HTTP][0m [90m{}[39m
[38;5;0m[HTTP][0m [37m<-- GET /wd/hub/session/c3393f22-4dce-4a83-a721-5f78186c3464/window/rect [39m[32m200[39m [90m78 ms - 50[39m
[38;5;0m[HTTP][0m [90m[39m
[38;5;0m[HTTP][0m [37m-->[39m [37mPOST[39m [37m/wd/hub/session/c3393f22-4dce-4a83-a721-5f78186c3464/elements[39m
[38;5;0m[HTTP][0m [90m{"using":"xpath","value":"//*[@class = 'android.widget.TextView' and @resource-id = 'com.solodroid.solomerce:id/cart' and (@text = '' or . = '')]"}[39m
[38;5;0m[HTTP][0m [37m<-- POST /wd/hub/session/c3393f22-4dce-4a83-a721-5f78186c3464/elements [39m[32m200[39m [90m675 ms - 139[39m
[38;5;0m[HTTP][0m [90m[39m
[38;5;0m[HTTP][0m [37m-->[39m [37mGET[39m [37m/wd/hub/session/c3393f22-4dce-4a83-a721-5f78186c3464/element/00000000-0000-022d-ffff-ffff00000116/location[39m
[38;5;0m[HTTP][0m [90m{}[39m
[38;5;48m[AndroidUiautomator2Driver@2d08 (c3393f22)][0m Driver proxy active, passing request on via HTTP proxy
[38;5;48m[AndroidUiautomator2Driver@2d08 (c3393f22)][0m Replacing sessionId ab229280-02ad-4aef-b476-4b6b20afd11e with c3393f22-4dce-4a83-a721-5f78186c3464
[38;5;0m[HTTP][0m [37m<-- GET /wd/hub/session/c3393f22-4dce-4a83-a721-5f78186c3464/element/00000000-0000-022d-ffff-ffff00000116/location [39m[32m200[39m [90m111 ms - 78[39m
[38;5;0m[HTTP][0m [90m[39m
[38;5;0m[HTTP][0m [37m-->[39m [37mPOST[39m [37m/wd/hub/session/c3393f22-4dce-4a83-a721-5f78186c3464/timeouts[39m
[38;5;0m[HTTP][0m [90m{"implicit":30000}[39m
[38;5;0m[HTTP][0m [37m<-- POST /wd/hub/session/c3393f22-4dce-4a83-a721-5f78186c3464/timeouts [39m[32m200[39m [90m1 ms - 14[39m
[38;5;0m[HTTP][0m [90m[39m
[38;5;0m[HTTP][0m [37m-->[39m [37mPOST[39m [37m/wd/hub/session/c3393f22-4dce-4a83-a721-5f78186c3464/element/00000000-0000-022d-ffff-ffff00000116/click[39m
[38;5;0m[HTTP][0m [90m{"id":"00000000-0000-022d-ffff-ffff00000116"}[39m
[38;5;0m[HTTP][0m [37m<-- POST /wd/hub/session/c3393f22-4dce-4a83-a721-5f78186c3464/element/00000000-0000-022d-ffff-ffff00000116/click [39m[32m200[39m [90m106 ms - 14[39m
[38;5;0m[HTTP][0m [90m[39m
[38;5;0m[HTTP][0m [37m-->[39m [37mPOST[39m [37m/wd/hub/session/c3393f22-4dce-4a83-a721-5f78186c3464/timeouts[39m
[38;5;0m[HTTP][0m [90m{"implicit":50}[39m
[38;5;0m[HTTP][0m [37m<-- POST /wd/hub/session/c3393f22-4dce-4a83-a721-5f78186c3464/timeouts [39m[32m200[39m [90m1 ms - 14[39m
[38;5;0m[HTTP][0m [90m[39m
[38;5;0m[HTTP][0m [37m-->[39m [37mGET[39m [37m/wd/hub/session/c3393f22-4dce-4a83-a721-5f78186c3464/window/rect[39m
[38;5;0m[HTTP][0m [90m{}[39m
[38;5;0m[HTTP][0m [37m<-- GET /wd/hub/session/c3393f22-4dce-4a83-a721-5f78186c3464/window/rect [39m[32m200[39m [90m87 ms - 50[39m
[38;5;0m[HTTP][0m [90m[39m
[38;5;0m[HTTP][0m [37m-->[39m [37mPOST[39m [37m/wd/hub/session/c3393f22-4dce-4a83-a721-5f78186c3464/elements[39m
[38;5;0m[HTTP][0m [90m{"using":"xpath","value":"//*[@class = 'android.widget.Button' and (@text = 'CHECKOUT' or . = 'CHECKOUT') and @resource-id = 'com.solodroid.solomerce:id/btn_checkout']"}[39m
[38;5;0m[HTTP][0m [37m<-- POST /wd/hub/session/c3393f22-4dce-4a83-a721-5f78186c3464/elements [39m[32m200[39m [90m1771 ms - 139[39m
[38;5;0m[HTTP][0m [90m[39m
[38;5;0m[HTTP][0m [37m-->[39m [37mGET[39m [37m/wd/hub/session/c3393f22-4dce-4a83-a721-5f78186c3464/element/00000000-0000-0230-ffff-ffff00000144/location[39m
[38;5;0m[HTTP][0m [90m{}[39m
[38;5;48m[AndroidUiautomator2Driver@2d08 (c3393f22)][0m Driver proxy active, passing request on via HTTP proxy
[38;5;48m[AndroidUiautomator2Driver@2d08 (c3393f22)][0m Replacing sessionId ab229280-02ad-4aef-b476-4b6b20afd11e with c3393f22-4dce-4a83-a721-5f78186c3464
[38;5;0m[HTTP][0m [37m<-- GET /wd/hub/session/c3393f22-4dce-4a83-a721-5f78186c3464/element/00000000-0000-0230-ffff-ffff00000144/location [39m[32m200[39m [90m437 ms - 79[39m
[38;5;0m[HTTP][0m [90m[39m
[38;5;0m[HTTP][0m [37m-->[39m [37mPOST[39m [37m/wd/hub/session/c3393f22-4dce-4a83-a721-5f78186c3464/timeouts[39m
[38;5;0m[HTTP][0m [90m{"implicit":30000}[39m
[38;5;0m[HTTP][0m [37m<-- POST /wd/hub/session/c3393f22-4dce-4a83-a721-5f78186c3464/timeouts [39m[32m200[39m [90m1 ms - 14[39m
[38;5;0m[HTTP][0m [90m[39m
[38;5;0m[HTTP][0m [37m-->[39m [37mPOST[39m [37m/wd/hub/session/c3393f22-4dce-4a83-a721-5f78186c3464/element/00000000-0000-0230-ffff-ffff00000144/click[39m
[38;5;0m[HTTP][0m [90m{"id":"00000000-0000-0230-ffff-ffff00000144"}[39m
[38;5;0m[HTTP][0m [37m<-- POST /wd/hub/session/c3393f22-4dce-4a83-a721-5f78186c3464/element/00000000-0000-0230-ffff-ffff00000144/click [39m[32m200[39m [90m146 ms - 14[39m
[38;5;0m[HTTP][0m [90m[39m
[38;5;0m[HTTP][0m [37m-->[39m [37mPOST[39m [37m/wd/hub/session/c3393f22-4dce-4a83-a721-5f78186c3464/timeouts[39m
[38;5;0m[HTTP][0m [90m{"implicit":50}[39m
[38;5;0m[HTTP][0m [37m<-- POST /wd/hub/session/c3393f22-4dce-4a83-a721-5f78186c3464/timeouts [39m[32m200[39m [90m1 ms - 14[39m
[38;5;0m[HTTP][0m [90m[39m
[38;5;0m[HTTP][0m [37m-->[39m [37mGET[39m [37m/wd/hub/session/c3393f22-4dce-4a83-a721-5f78186c3464/window/rect[39m
[38;5;0m[HTTP][0m [90m{}[39m
[38;5;0m[HTTP][0m [37m<-- GET /wd/hub/session/c3393f22-4dce-4a83-a721-5f78186c3464/window/rect [39m[32m200[39m [90m79 ms - 50[39m
[38;5;0m[HTTP][0m [90m[39m
[38;5;0m[HTTP][0m [37m-->[39m [37mPOST[39m [37m/wd/hub/session/c3393f22-4dce-4a83-a721-5f78186c3464/elements[39m
[38;5;0m[HTTP][0m [90m{"using":"xpath","value":"//*[@class = 'android.widget.Button' and (@text = 'PROCESS CHECKOUT' or . = 'PROCESS CHECKOUT') and @resource-id = 'com.solodroid.solomerce:id/btn_submit_order']"}[39m
[38;5;0m[HTTP][0m [37m<-- POST /wd/hub/session/c3393f22-4dce-4a83-a721-5f78186c3464/elements [39m[32m200[39m [90m990 ms - 12[39m
[38;5;0m[HTTP][0m [90m[39m
[38;5;0m[HTTP][0m [37m-->[39m [37mPOST[39m [37m/wd/hub/session/c3393f22-4dce-4a83-a721-5f78186c3464/elements[39m
[38;5;0m[HTTP][0m [90m{"using":"xpath","value":"//*[@class = 'android.widget.Button' and (@text = 'PROCESS CHECKOUT' or . = 'PROCESS CHECKOUT') and @resource-id = 'com.solodroid.solomerce:id/btn_submit_order']"}[39m
[38;5;0m[HTTP][0m [37m<-- POST /wd/hub/session/c3393f22-4dce-4a83-a721-5f78186c3464/elements [39m[32m200[39m [90m1709 ms - 139[39m
[38;5;0m[HTTP][0m [90m[39m
[38;5;0m[HTTP][0m [37m-->[39m [37mGET[39m [37m/wd/hub/session/c3393f22-4dce-4a83-a721-5f78186c3464/element/00000000-0000-0231-ffff-ffff000001cb/location[39m
[38;5;0m[HTTP][0m [90m{}[39m
[38;5;48m[AndroidUiautomator2Driver@2d08 (c3393f22)][0m Driver proxy active, passing request on via HTTP proxy
[38;5;48m[AndroidUiautomator2Driver@2d08 (c3393f22)][0m Replacing sessionId ab229280-02ad-4aef-b476-4b6b20afd11e with c3393f22-4dce-4a83-a721-5f78186c3464
[38;5;0m[HTTP][0m [37m<-- GET /wd/hub/session/c3393f22-4dce-4a83-a721-5f78186c3464/element/00000000-0000-0231-ffff-ffff000001cb/location [39m[32m200[39m [90m23 ms - 77[39m
[38;5;0m[HTTP][0m [90m[39m
[38;5;0m[HTTP][0m [37m-->[39m [37mPOST[39m [37m/wd/hub/session/c3393f22-4dce-4a83-a721-5f78186c3464/timeouts[39m
[38;5;0m[HTTP][0m [90m{"implicit":30000}[39m
[38;5;0m[HTTP][0m [37m<-- POST /wd/hub/session/c3393f22-4dce-4a83-a721-5f78186c3464/timeouts [39m[32m200[39m [90m1 ms - 14[39m
[38;5;0m[HTTP][0m [90m[39m
[38;5;0m[HTTP][0m [37m-->[39m [37mPOST[39m [37m/wd/hub/session/c3393f22-4dce-4a83-a721-5f78186c3464/element/00000000-0000-0231-ffff-ffff000001cb/click[39m
[38;5;0m[HTTP][0m [90m{"id":"00000000-0000-0231-ffff-ffff000001cb"}[39m
[38;5;0m[HTTP][0m [37m<-- POST /wd/hub/session/c3393f22-4dce-4a83-a721-5f78186c3464/element/00000000-0000-0231-ffff-ffff000001cb/click [39m[32m200[39m [90m111 ms - 14[39m
[38;5;0m[HTTP][0m [90m[39m
[38;5;0m[HTTP][0m [37m-->[39m [37mPOST[39m [37m/wd/hub/session/c3393f22-4dce-4a83-a721-5f78186c3464/timeouts[39m
[38;5;0m[HTTP][0m [90m{"implicit":50}[39m
[38;5;0m[HTTP][0m [37m<-- POST /wd/hub/session/c3393f22-4dce-4a83-a721-5f78186c3464/timeouts [39m[32m200[39m [90m1 ms - 14[39m
[38;5;0m[HTTP][0m [90m[39m
[38;5;0m[HTTP][0m [37m-->[39m [37mGET[39m [37m/wd/hub/session/c3393f22-4dce-4a83-a721-5f78186c3464/window/rect[39m
[38;5;0m[HTTP][0m [90m{}[39m
[38;5;0m[HTTP][0m [37m<-- GET /wd/hub/session/c3393f22-4dce-4a83-a721-5f78186c3464/window/rect [39m[32m200[39m [90m14 ms - 50[39m
[38;5;0m[HTTP][0m [90m[39m
[38;5;0m[HTTP][0m [37m-->[39m [37mPOST[39m [37m/wd/hub/session/c3393f22-4dce-4a83-a721-5f78186c3464/elements[39m
[38;5;0m[HTTP][0m [90m{"using":"xpath","value":"//*[@class = 'android.widget.Button' and (@text = 'YES' or . = 'YES') and @resource-id = 'android:id/button1']"}[39m
[38;5;0m[HTTP][0m [37m<-- POST /wd/hub/session/c3393f22-4dce-4a83-a721-5f78186c3464/elements [39m[32m200[39m [90m813 ms - 12[39m
[38;5;0m[HTTP][0m [90m[39m
[38;5;0m[HTTP][0m [37m-->[39m [37mPOST[39m [37m/wd/hub/session/c3393f22-4dce-4a83-a721-5f78186c3464/elements[39m
[38;5;0m[HTTP][0m [90m{"using":"xpath","value":"//*[@class = 'android.widget.Button' and (@text = 'YES' or . = 'YES') and @resource-id = 'android:id/button1']"}[39m
[38;5;0m[HTTP][0m [37m<-- POST /wd/hub/session/c3393f22-4dce-4a83-a721-5f78186c3464/elements [39m[32m200[39m [90m664 ms - 139[39m
[38;5;0m[HTTP][0m [90m[39m
[38;5;0m[HTTP][0m [37m-->[39m [37mGET[39m [37m/wd/hub/session/c3393f22-4dce-4a83-a721-5f78186c3464/element/00000000-0000-0232-ffff-ffff000001e5/location[39m
[38;5;0m[HTTP][0m [90m{}[39m
[38;5;48m[AndroidUiautomator2Driver@2d08 (c3393f22)][0m Driver proxy active, passing request on via HTTP proxy
[38;5;48m[AndroidUiautomator2Driver@2d08 (c3393f22)][0m Replacing sessionId ab229280-02ad-4aef-b476-4b6b20afd11e with c3393f22-4dce-4a83-a721-5f78186c3464
[38;5;0m[HTTP][0m [37m<-- GET /wd/hub/session/c3393f22-4dce-4a83-a721-5f78186c3464/element/00000000-0000-0232-ffff-ffff000001e5/location [39m[32m200[39m [90m47 ms - 79[39m
[38;5;0m[HTTP][0m [90m[39m
[38;5;0m[HTTP][0m [37m-->[39m [37mPOST[39m [37m/wd/hub/session/c3393f22-4dce-4a83-a721-5f78186c3464/timeouts[39m
[38;5;0m[HTTP][0m [90m{"implicit":30000}[39m
[38;5;0m[HTTP][0m [37m<-- POST /wd/hub/session/c3393f22-4dce-4a83-a721-5f78186c3464/timeouts [39m[32m200[39m [90m2 ms - 14[39m
[38;5;0m[HTTP][0m [90m[39m
[38;5;0m[HTTP][0m [37m-->[39m [37mPOST[39m [37m/wd/hub/session/c3393f22-4dce-4a83-a721-5f78186c3464/element/00000000-0000-0232-ffff-ffff000001e5/click[39m
[38;5;0m[HTTP][0m [90m{"id":"00000000-0000-0232-ffff-ffff000001e5"}[39m
[38;5;0m[HTTP][0m [37m<-- POST /wd/hub/session/c3393f22-4dce-4a83-a721-5f78186c3464/element/00000000-0000-0232-ffff-ffff000001e5/click [39m[32m200[39m [90m163 ms - 14[39m
[38;5;0m[HTTP][0m [90m[39m
[38;5;0m[HTTP][0m [37m-->[39m [37mGET[39m [37m/wd/hub/session/c3393f22-4dce-4a83-a721-5f78186c3464/context[39m
[38;5;0m[HTTP][0m [90m{}[39m
[38;5;0m[HTTP][0m [37m<-- GET /wd/hub/session/c3393f22-4dce-4a83-a721-5f78186c3464/context [39m[32m200[39m [90m1 ms - 22[39m
[38;5;0m[HTTP][0m [90m[39m
[38;5;0m[HTTP][0m [37m-->[39m [37mGET[39m [37m/wd/hub/session/c3393f22-4dce-4a83-a721-5f78186c3464/contexts[39m
[38;5;0m[HTTP][0m [90m{}[39m
[38;5;0m[HTTP][0m [37m<-- GET /wd/hub/session/c3393f22-4dce-4a83-a721-5f78186c3464/contexts [39m[32m200[39m [90m287 ms - 58[39m
[38;5;0m[HTTP][0m [90m[39m
[38;5;0m[HTTP][0m [37m-->[39m [37mPOST[39m [37m/wd/hub/session/c3393f22-4dce-4a83-a721-5f78186c3464/context[39m
[38;5;0m[HTTP][0m [90m{"name":"NATIVE_APP"}[39m
[38;5;0m[HTTP][0m [37m<-- POST /wd/hub/session/c3393f22-4dce-4a83-a721-5f78186c3464/context [39m[32m200[39m [90m1 ms - 14[39m
[38;5;0m[HTTP][0m [90m[39m
[38;5;0m[HTTP][0m [37m-->[39m [37mGET[39m [37m/wd/hub/session/c3393f22-4dce-4a83-a721-5f78186c3464/appium/device/current_package[39m
[38;5;0m[HTTP][0m [90m{}[39m
[38;5;0m[HTTP][0m [37m<-- GET /wd/hub/session/c3393f22-4dce-4a83-a721-5f78186c3464/appium/device/current_package [39m[32m200[39m [90m49 ms - 35[39m
[38;5;0m[HTTP][0m [90m[39m
[38;5;0m[HTTP][0m [37m-->[39m [37mPOST[39m [37m/wd/hub/session/c3393f22-4dce-4a83-a721-5f78186c3464/appium/device/terminate_app[39m
[38;5;0m[HTTP][0m [90m{"bundleId":"com.solodroid.solomerce"}[39m
[38;5;48m[AndroidUiautomator2Driver@2d08 (c3393f22)][0m Terminating 'com.solodroid.solomerce'
[38;5;48m[AndroidUiautomator2Driver@2d08 (c3393f22)][0m Querying the state of 'com.solodroid.solomerce'
[38;5;48m[AndroidUiautomator2Driver@2d08 (c3393f22)][0m 'com.solodroid.solomerce' has been successfully terminated
[38;5;0m[HTTP][0m [37m<-- POST /wd/hub/session/c3393f22-4dce-4a83-a721-5f78186c3464/appium/device/terminate_app [39m[32m200[39m [90m595 ms - 14[39m
[38;5;0m[HTTP][0m [90m[39m
[38;5;0m[HTTP][0m [37m-->[39m [37mPOST[39m [37m/wd/hub/session/c3393f22-4dce-4a83-a721-5f78186c3464/context[39m
[38;5;0m[HTTP][0m [90m{"name":"NATIVE_APP"}[39m
[38;5;0m[HTTP][0m [37m<-- POST /wd/hub/session/c3393f22-4dce-4a83-a721-5f78186c3464/context [39m[32m200[39m [90m1 ms - 14[39m
[38;5;0m[HTTP][0m [90m[39m
[38;5;0m[HTTP][0m [37m-->[39m [37mDELETE[39m [37m/wd/hub/session/c3393f22-4dce-4a83-a721-5f78186c3464[39m
[38;5;0m[HTTP][0m [90m{}[39m
[38;5;16m[AppiumDriver@3bc0][0m Removing session c3393f22-4dce-4a83-a721-5f78186c3464 from our master session list
[38;5;64m[ADB][0m com.solodroid.solomerce was successfully uninstalled
[38;5;48m[AndroidUiautomator2Driver@2d08 (c3393f22)][0m Restoring hidden api policy to the device default configuration
[38;5;0m[HTTP][0m [37m<-- DELETE /wd/hub/session/c3393f22-4dce-4a83-a721-5f78186c3464 [39m[32m200[39m [90m1606 ms - 14[39m
[38;5;0m[HTTP][0m [90m[39m
